2025-07-28 10:43:28,889 - INFO - Situación del log en lorawan_gateway_server_04.py
2025-07-28 10:43:28,889 - INFO - 2025-07-28 10:43:28.889893  Servidor LoRaWAN iniciado en 0.0.0.0:1700
2025-07-28 10:43:28,890 - INFO - 2025-07-28 10:43:28.890010  ━━━━━━━━━━━━━━━━━━━━━━━━━━━━━━━━━━━━━━━━━━━━━━━━━━━━
2025-07-28 10:43:28,890 - INFO - 2025-07-28 10:43:28.890088  📡 Gateway ID esperado: AA555A0000000000
2025-07-28 10:43:28,890 - INFO - 2025-07-28 10:43:28.890162  🔧 Configuración del dispositivo:
2025-07-28 10:43:28,890 - INFO - 2025-07-28 10:43:28.890234     Device EUI:  8CF9572000133C5C
2025-07-28 10:43:28,890 - INFO - 2025-07-28 10:43:28.890306     Join EUI:    8CF9572000000000
2025-07-28 10:43:28,890 - INFO - 2025-07-28 10:43:28.890367     App Key:     2B7E151628AED2A6ABF7158809CF4F3C
2025-07-28 10:43:28,890 - INFO - 2025-07-28 10:43:28.890422  📤 Payload downlink: 80029999010181
2025-07-28 10:43:28,890 - INFO - 2025-07-28 10:43:28.890476  ━━━━━━━━━━━━━━━━━━━━━━━━━━━━━━━━━━━━━━━━━━━━━━━━━━━━
2025-07-28 10:43:28,890 - INFO - 2025-07-28 10:43:28.890537  ⏳ Esperando conexión del gateway...
2025-07-28 10:44:32,679 - INFO - Situación del log en lorawan_gateway_server_04.py
2025-07-28 10:44:32,679 - INFO - 2025-07-28 10:44:32.679688  Servidor LoRaWAN iniciado en 0.0.0.0:1700
2025-07-28 10:44:32,679 - INFO - 2025-07-28 10:44:32.679805  ━━━━━━━━━━━━━━━━━━━━━━━━━━━━━━━━━━━━━━━━━━━━━━━━━━━━
2025-07-28 10:44:32,679 - INFO - 2025-07-28 10:44:32.679884  📡 Gateway ID esperado: AA555A0000000000
2025-07-28 10:44:32,679 - INFO - 2025-07-28 10:44:32.679954  🔧 Configuración del dispositivo:
2025-07-28 10:44:32,680 - INFO - 2025-07-28 10:44:32.680017     Device EUI:  8CF9572000133C5C
2025-07-28 10:44:32,680 - INFO - 2025-07-28 10:44:32.680074     Join EUI:    8CF9572000000000
2025-07-28 10:44:32,680 - INFO - 2025-07-28 10:44:32.680126     App Key:     2B7E151628AED2A6ABF7158809CF4F3C
2025-07-28 10:44:32,680 - INFO - 2025-07-28 10:44:32.680180  📤 Payload downlink: 80029999010181
2025-07-28 10:44:32,680 - INFO - 2025-07-28 10:44:32.680235  ━━━━━━━━━━━━━━━━━━━━━━━━━━━━━━━━━━━━━━━━━━━━━━━━━━━━
2025-07-28 10:44:32,680 - INFO - 2025-07-28 10:44:32.680287  ⏳ Esperando conexión del gateway...
2025-07-28 10:46:31,748 - INFO - Situación del log en lorawan_gateway_server_04.py
2025-07-28 10:46:31,749 - INFO - 2025-07-28 10:46:31.748988  Servidor LoRaWAN iniciado en 0.0.0.0:1700
2025-07-28 10:46:31,749 - INFO - 2025-07-28 10:46:31.749098  ━━━━━━━━━━━━━━━━━━━━━━━━━━━━━━━━━━━━━━━━━━━━━━━━━━━━
2025-07-28 10:46:31,749 - INFO - 2025-07-28 10:46:31.749180  📡 Gateway ID esperado: AA555A0000000000
2025-07-28 10:46:31,749 - INFO - 2025-07-28 10:46:31.749245  🔧 Configuración del dispositivo:
2025-07-28 10:46:31,749 - INFO - 2025-07-28 10:46:31.749293     Device EUI:  8CF9572000133C5C
2025-07-28 10:46:31,749 - INFO - 2025-07-28 10:46:31.749338     Join EUI:    8CF9572000000000
2025-07-28 10:46:31,749 - INFO - 2025-07-28 10:46:31.749378     App Key:     2B7E151628AED2A6ABF7158809CF4F3C
2025-07-28 10:46:31,749 - INFO - 2025-07-28 10:46:31.749417  📤 Payload downlink: 80029999010181
2025-07-28 10:46:31,749 - INFO - 2025-07-28 10:46:31.749460  ━━━━━━━━━━━━━━━━━━━━━━━━━━━━━━━━━━━━━━━━━━━━━━━━━━━━
2025-07-28 10:46:31,749 - INFO - 2025-07-28 10:46:31.749500  ⏳ Esperando conexión del gateway...
2025-07-28 10:54:55,677 - INFO - Situación del log en lorawan_gateway_server_04.py
2025-07-28 10:54:55,677 - INFO - 2025-07-28 10:54:55.677924  Servidor LoRaWAN iniciado en 0.0.0.0:1700
2025-07-28 10:54:55,678 - INFO - 2025-07-28 10:54:55.678037  ━━━━━━━━━━━━━━━━━━━━━━━━━━━━━━━━━━━━━━━━━━━━━━━━━━━━
2025-07-28 10:54:55,678 - INFO - 2025-07-28 10:54:55.678101  📡 Gateway ID esperado: AA555A0000000000
2025-07-28 10:54:55,678 - INFO - 2025-07-28 10:54:55.678146  🔧 Configuración del dispositivo:
2025-07-28 10:54:55,678 - INFO - 2025-07-28 10:54:55.678186     Device EUI:  8CF9572000133C5C
2025-07-28 10:54:55,678 - INFO - 2025-07-28 10:54:55.678223     Join EUI:    8CF9572000000000
2025-07-28 10:54:55,678 - INFO - 2025-07-28 10:54:55.678258     App Key:     2B7E151628AED2A6ABF7158809CF4F3C
2025-07-28 10:54:55,678 - INFO - 2025-07-28 10:54:55.678289  📤 Payload downlink: 80029999010181
2025-07-28 10:54:55,678 - INFO - 2025-07-28 10:54:55.678325  ━━━━━━━━━━━━━━━━━━━━━━━━━━━━━━━━━━━━━━━━━━━━━━━━━━━━
2025-07-28 10:54:55,678 - INFO - 2025-07-28 10:54:55.678359  ⏳ Esperando conexión del gateway...
2025-07-28 10:54:55,723 - INFO - 2025-07-28 10:54:55.723173  Addr: ('127.0.0.1', 47692)
2025-07-28 10:54:55,723 - INFO - 2025-07-28 10:54:55.723449  Indetifier: 0
2025-07-28 10:54:55,723 - INFO - 2025-07-28 10:54:55.723646  PUSH_DATA recibido del gateway: 8CF319FFFE10DEF9
2025-07-28 10:54:55,723 - INFO - 2025-07-28 10:54:55.723789  Datos: {
  "rxpk": [
    {
      "jver": 1,
      "tmst": 33214761,
      "chan": 2,
      "rfch": 1,
      "freq": 868.5,
      "mid": 0,
      "stat": 1,
      "modu": "LORA",
      "datr": "SF12BW125",
      "codr": "4/5",
      "rssis": -63,
      "lsnr": 6.5,
      "foff": -2269,
      "rssi": -62,
      "size": 23,
      "data": "AAAAAAAgV/mMXDwTACBX+YxBXLzTaoA="
    }
  ]
}
2025-07-28 10:54:55,724 - INFO - 2025-07-28 10:54:55.724080  
--- Nuevo mensaje uplink ---
2025-07-28 10:54:55,724 - INFO - 2025-07-28 10:54:55.724202  Timestamp: 10:54:55
2025-07-28 10:54:55,724 - INFO - 2025-07-28 10:54:55.724335  Frecuencia: 868.5 MHz
2025-07-28 10:54:55,724 - INFO - 2025-07-28 10:54:55.724450  RSSI: -62 dBm
2025-07-28 10:54:55,724 - INFO - 2025-07-28 10:54:55.724548  SNR: 6.5 dB
2025-07-28 10:54:55,724 - INFO - 2025-07-28 10:54:55.724647  Data Rate: SF12BW125
2025-07-28 10:54:55,724 - INFO - 2025-07-28 10:54:55.724741  Payload: 00000000002057F98C5C3C13002057F98C415CBCD36A80
2025-07-28 10:54:55,724 - INFO - 2025-07-28 10:54:55.724835  MHDR: 0x00
2025-07-28 10:54:55,724 - INFO - 2025-07-28 10:54:55.724932  Tipo de mensaje: 0
2025-07-28 10:54:55,725 - INFO - 2025-07-28 10:54:55.725045  Join Request recibido:
2025-07-28 10:54:55,725 - INFO - 2025-07-28 10:54:55.725143    DEV_EUI: 8CF9572000133C5C
2025-07-28 10:54:55,725 - INFO - 2025-07-28 10:54:55.725235    JOIN_EUI: 8CF9572000000000
2025-07-28 10:54:55,725 - INFO - 2025-07-28 10:54:55.725327    DevNonce: 415C
2025-07-28 10:54:55,725 - INFO - 2025-07-28 10:54:55.725415    MIC: BCD36A80
2025-07-28 10:54:56,259 - INFO - 2025-07-28 10:54:56.259008  Sesión creada para dispositivo: AC774050
2025-07-28 10:54:56,259 - INFO - 2025-07-28 10:54:56.259129  AppNonce: 3E345F
2025-07-28 10:54:56,259 - INFO - 2025-07-28 10:54:56.259225  DevAddr: AC774050
2025-07-28 10:54:56,259 - INFO - 2025-07-28 10:54:56.259270  Join Accept creado: 20EDEFF630D2009972ED13956082413F22
2025-07-28 10:55:03,199 - INFO - 2025-07-28 10:55:03.199427  Addr: ('127.0.0.1', 47692)
2025-07-28 10:55:03,199 - INFO - 2025-07-28 10:55:03.199758  Indetifier: 0
2025-07-28 10:55:03,199 - INFO - 2025-07-28 10:55:03.199968  PUSH_DATA recibido del gateway: 8CF319FFFE10DEF9
2025-07-28 10:55:03,200 - INFO - 2025-07-28 10:55:03.200119  Datos: {
  "rxpk": [
    {
      "jver": 1,
      "tmst": 40694430,
      "chan": 1,
      "rfch": 1,
      "freq": 868.3,
      "mid": 0,
      "stat": 1,
      "modu": "LORA",
      "datr": "SF11BW125",
      "codr": "4/5",
      "rssis": -62,
      "lsnr": 11.2,
      "foff": -2175,
      "rssi": -61,
      "size": 23,
      "data": "AAAAAAAgV/mMXDwTACBX+YyVqGzPsdk="
    }
  ]
}
2025-07-28 10:55:03,200 - INFO - 2025-07-28 10:55:03.200462  
--- Nuevo mensaje uplink ---
2025-07-28 10:55:03,200 - INFO - 2025-07-28 10:55:03.200604  Timestamp: 10:55:03
2025-07-28 10:55:03,200 - INFO - 2025-07-28 10:55:03.200756  Frecuencia: 868.3 MHz
2025-07-28 10:55:03,200 - INFO - 2025-07-28 10:55:03.200884  RSSI: -61 dBm
2025-07-28 10:55:03,201 - INFO - 2025-07-28 10:55:03.200993  SNR: 11.2 dB
2025-07-28 10:55:03,201 - INFO - 2025-07-28 10:55:03.201061  Data Rate: SF11BW125
2025-07-28 10:55:03,201 - INFO - 2025-07-28 10:55:03.201123  Payload: 00000000002057F98C5C3C13002057F98C95A86CCFB1D9
2025-07-28 10:55:03,201 - INFO - 2025-07-28 10:55:03.201168  MHDR: 0x00
2025-07-28 10:55:03,201 - INFO - 2025-07-28 10:55:03.201217  Tipo de mensaje: 0
2025-07-28 10:55:03,201 - INFO - 2025-07-28 10:55:03.201272  Join Request recibido:
2025-07-28 10:55:03,201 - INFO - 2025-07-28 10:55:03.201320    DEV_EUI: 8CF9572000133C5C
2025-07-28 10:55:03,201 - INFO - 2025-07-28 10:55:03.201364    JOIN_EUI: 8CF9572000000000
2025-07-28 10:55:03,201 - INFO - 2025-07-28 10:55:03.201407    DevNonce: 95A8
2025-07-28 10:55:03,201 - INFO - 2025-07-28 10:55:03.201453    MIC: 6CCFB1D9
2025-07-28 10:55:03,201 - INFO - 2025-07-28 10:55:03.201694  Sesión creada para dispositivo: D2AD61C4
2025-07-28 10:55:03,201 - INFO - 2025-07-28 10:55:03.201753  AppNonce: ED716B
2025-07-28 10:55:03,201 - INFO - 2025-07-28 10:55:03.201810  DevAddr: D2AD61C4
2025-07-28 10:55:03,201 - INFO - 2025-07-28 10:55:03.201860  Join Accept creado: 20AA0DBF8E9A99F60DFF17F4197C4B9D92
2025-07-28 10:55:03,394 - INFO - 2025-07-28 10:55:03.393969  Addr: ('127.0.0.1', 54163)
2025-07-28 10:55:03,394 - INFO - 2025-07-28 10:55:03.394229  Indetifier: 2
2025-07-28 10:55:03,394 - INFO - 2025-07-28 10:55:03.394371  ⚠️  Gateway no autorizado: 8CF319FFFE10DEF9 (esperado: AA555A0000000000)
2025-07-28 10:55:13,426 - INFO - 2025-07-28 10:55:13.425992  Addr: ('127.0.0.1', 54163)
2025-07-28 10:55:13,426 - INFO - 2025-07-28 10:55:13.426252  Indetifier: 2
2025-07-28 10:55:13,426 - INFO - 2025-07-28 10:55:13.426375  ⚠️  Gateway no autorizado: 8CF319FFFE10DEF9 (esperado: AA555A0000000000)
2025-07-28 10:55:23,307 - INFO - 2025-07-28 10:55:23.307253  Addr: ('127.0.0.1', 47692)
2025-07-28 10:55:23,307 - INFO - 2025-07-28 10:55:23.307539  Indetifier: 0
2025-07-28 10:55:23,307 - INFO - 2025-07-28 10:55:23.307714  PUSH_DATA recibido del gateway: 8CF319FFFE10DEF9
2025-07-28 10:55:23,307 - INFO - 2025-07-28 10:55:23.307818  Datos: {
  "stat": {
    "time": "2025-07-28 08:55:23 GMT",
    "rxnb": 2,
    "rxok": 2,
    "rxfw": 2,
    "ackr": 33.3,
    "dwnb": 0,
    "txnb": 0,
    "temp": -0.0
  }
}
2025-07-28 10:55:23,470 - INFO - 2025-07-28 10:55:23.469989  Addr: ('127.0.0.1', 54163)
2025-07-28 10:55:23,470 - INFO - 2025-07-28 10:55:23.470268  Indetifier: 2
2025-07-28 10:55:23,470 - INFO - 2025-07-28 10:55:23.470373  ⚠️  Gateway no autorizado: 8CF319FFFE10DEF9 (esperado: AA555A0000000000)
2025-07-28 10:55:33,550 - INFO - 2025-07-28 10:55:33.549932  Addr: ('127.0.0.1', 54163)
2025-07-28 10:55:33,550 - INFO - 2025-07-28 10:55:33.550200  Indetifier: 2
2025-07-28 10:55:33,550 - INFO - 2025-07-28 10:55:33.550305  ⚠️  Gateway no autorizado: 8CF319FFFE10DEF9 (esperado: AA555A0000000000)
2025-07-28 10:56:59,723 - INFO - Situación del log en lorawan_gateway_server_04.py
2025-07-28 10:56:59,723 - INFO - 2025-07-28 10:56:59.723806  Servidor LoRaWAN iniciado en 0.0.0.0:1700
2025-07-28 10:56:59,723 - INFO - 2025-07-28 10:56:59.723871  ━━━━━━━━━━━━━━━━━━━━━━━━━━━━━━━━━━━━━━━━━━━━━━━━━━━━
2025-07-28 10:56:59,723 - INFO - 2025-07-28 10:56:59.723932  📡 Gateway ID esperado: AA555A0000000000
2025-07-28 10:56:59,723 - INFO - 2025-07-28 10:56:59.723978  🔧 Configuración del dispositivo:
2025-07-28 10:56:59,724 - INFO - 2025-07-28 10:56:59.724015     Device EUI:  8CF9572000133C5C
2025-07-28 10:56:59,724 - INFO - 2025-07-28 10:56:59.724046     Join EUI:    8CF9572000000000
2025-07-28 10:56:59,724 - INFO - 2025-07-28 10:56:59.724082     App Key:     2B7E151628AED2A6ABF7158809CF4F3C
2025-07-28 10:56:59,724 - INFO - 2025-07-28 10:56:59.724113  📤 Payload downlink: 80029999010181
2025-07-28 10:56:59,724 - INFO - 2025-07-28 10:56:59.724143  ━━━━━━━━━━━━━━━━━━━━━━━━━━━━━━━━━━━━━━━━━━━━━━━━━━━━
2025-07-28 10:56:59,724 - INFO - 2025-07-28 10:56:59.724174  ⏳ Esperando conexión del gateway...
2025-07-28 10:57:03,945 - INFO - 2025-07-28 10:57:03.945890  Addr: ('127.0.0.1', 54163)
2025-07-28 10:57:03,946 - INFO - 2025-07-28 10:57:03.946155  Indetifier: 2
2025-07-28 10:57:03,946 - INFO - 2025-07-28 10:57:03.946355  🔗 Gateway conectado: 8CF319FFFE10DEF9
2025-07-28 10:57:03,946 - INFO - 2025-07-28 10:57:03.946513     IP: 127.0.0.1:54163
2025-07-28 10:57:13,946 - INFO - 2025-07-28 10:57:13.945982  Addr: ('127.0.0.1', 54163)
2025-07-28 10:57:13,946 - INFO - 2025-07-28 10:57:13.946243  Indetifier: 2
2025-07-28 10:57:23,321 - INFO - 2025-07-28 10:57:23.321677  Addr: ('127.0.0.1', 47692)
2025-07-28 10:57:23,322 - INFO - 2025-07-28 10:57:23.322010  Indetifier: 0
2025-07-28 10:57:23,322 - INFO - 2025-07-28 10:57:23.322230  PUSH_DATA recibido del gateway: 8CF319FFFE10DEF9
2025-07-28 10:57:23,322 - INFO - 2025-07-28 10:57:23.322346  Datos: {
  "stat": {
    "time": "2025-07-28 08:57:23 GMT",
    "rxnb": 0,
    "rxok": 0,
    "rxfw": 0,
    "ackr": 0.0,
    "dwnb": 0,
    "txnb": 0,
    "temp": -0.0
  }
}
2025-07-28 10:57:23,962 - INFO - 2025-07-28 10:57:23.962047  Addr: ('127.0.0.1', 54163)
2025-07-28 10:57:23,962 - INFO - 2025-07-28 10:57:23.962374  Indetifier: 2
2025-07-28 10:57:34,166 - INFO - 2025-07-28 10:57:34.166043  Addr: ('127.0.0.1', 54163)
2025-07-28 10:57:34,166 - INFO - 2025-07-28 10:57:34.166323  Indetifier: 2
2025-07-28 10:57:44,201 - INFO - 2025-07-28 10:57:44.201897  Addr: ('127.0.0.1', 54163)
2025-07-28 10:57:44,202 - INFO - 2025-07-28 10:57:44.202172  Indetifier: 2
2025-07-28 10:57:53,317 - INFO - 2025-07-28 10:57:53.317687  Addr: ('127.0.0.1', 47692)
2025-07-28 10:57:53,318 - INFO - 2025-07-28 10:57:53.317985  Indetifier: 0
2025-07-28 10:57:53,318 - INFO - 2025-07-28 10:57:53.318206  PUSH_DATA recibido del gateway: 8CF319FFFE10DEF9
2025-07-28 10:57:53,318 - INFO - 2025-07-28 10:57:53.318340  Datos: {
  "stat": {
    "time": "2025-07-28 08:57:53 GMT",
    "rxnb": 0,
    "rxok": 0,
    "rxfw": 0,
    "ackr": 100.0,
    "dwnb": 0,
    "txnb": 0,
    "temp": -0.0
  }
}
2025-07-28 10:57:54,230 - INFO - 2025-07-28 10:57:54.229951  Addr: ('127.0.0.1', 54163)
2025-07-28 10:57:54,230 - INFO - 2025-07-28 10:57:54.230274  Indetifier: 2
2025-07-28 10:58:04,270 - INFO - 2025-07-28 10:58:04.269982  Addr: ('127.0.0.1', 54163)
2025-07-28 10:58:04,270 - INFO - 2025-07-28 10:58:04.270262  Indetifier: 2
2025-07-28 10:58:14,314 - INFO - 2025-07-28 10:58:14.313985  Addr: ('127.0.0.1', 54163)
2025-07-28 10:58:14,314 - INFO - 2025-07-28 10:58:14.314260  Indetifier: 2
2025-07-28 10:58:23,324 - INFO - 2025-07-28 10:58:23.324879  Addr: ('127.0.0.1', 47692)
2025-07-28 10:58:23,325 - INFO - 2025-07-28 10:58:23.325143  Indetifier: 0
2025-07-28 10:58:23,325 - INFO - 2025-07-28 10:58:23.325342  PUSH_DATA recibido del gateway: 8CF319FFFE10DEF9
2025-07-28 10:58:23,325 - INFO - 2025-07-28 10:58:23.325448  Datos: {
  "stat": {
    "time": "2025-07-28 08:58:23 GMT",
    "rxnb": 0,
    "rxok": 0,
    "rxfw": 0,
    "ackr": 100.0,
    "dwnb": 0,
    "txnb": 0,
    "temp": -0.0
  }
}
2025-07-28 10:58:24,330 - INFO - 2025-07-28 10:58:24.330010  Addr: ('127.0.0.1', 54163)
2025-07-28 10:58:24,330 - INFO - 2025-07-28 10:58:24.330336  Indetifier: 2
2025-07-28 10:58:34,390 - INFO - 2025-07-28 10:58:34.390026  Addr: ('127.0.0.1', 54163)
2025-07-28 10:58:34,390 - INFO - 2025-07-28 10:58:34.390365  Indetifier: 2
2025-07-28 10:58:44,426 - INFO - 2025-07-28 10:58:44.425969  Addr: ('127.0.0.1', 54163)
2025-07-28 10:58:44,426 - INFO - 2025-07-28 10:58:44.426284  Indetifier: 2
2025-07-28 10:58:53,327 - INFO - 2025-07-28 10:58:53.327289  Addr: ('127.0.0.1', 47692)
2025-07-28 10:58:53,327 - INFO - 2025-07-28 10:58:53.327709  Indetifier: 0
2025-07-28 10:58:53,327 - INFO - 2025-07-28 10:58:53.327932  PUSH_DATA recibido del gateway: 8CF319FFFE10DEF9
2025-07-28 10:58:53,328 - INFO - 2025-07-28 10:58:53.328091  Datos: {
  "stat": {
    "time": "2025-07-28 08:58:53 GMT",
    "rxnb": 0,
    "rxok": 0,
    "rxfw": 0,
    "ackr": 100.0,
    "dwnb": 0,
    "txnb": 0,
    "temp": -0.0
  }
}
2025-07-28 10:58:54,461 - INFO - 2025-07-28 10:58:54.461882  Addr: ('127.0.0.1', 54163)
2025-07-28 10:58:54,462 - INFO - 2025-07-28 10:58:54.462160  Indetifier: 2
2025-07-28 11:02:43,237 - INFO - Situación del log en lorawan_gateway_server_04.py
2025-07-28 11:02:43,238 - INFO - 2025-07-28 11:02:43.238075  Servidor LoRaWAN iniciado en 0.0.0.0:1700
2025-07-28 11:02:43,238 - INFO - 2025-07-28 11:02:43.238179  ━━━━━━━━━━━━━━━━━━━━━━━━━━━━━━━━━━━━━━━━━━━━━━━━━━━━
2025-07-28 11:02:43,238 - INFO - 2025-07-28 11:02:43.238231  📡 Gateway ID esperado: AA555A0000000000
2025-07-28 11:02:43,238 - INFO - 2025-07-28 11:02:43.238273  🔧 Configuración del dispositivo:
2025-07-28 11:02:43,238 - INFO - 2025-07-28 11:02:43.238310     Device EUI:  8CF9572000133C5C
2025-07-28 11:02:43,238 - INFO - 2025-07-28 11:02:43.238345     Join EUI:    8CF9572000000000
2025-07-28 11:02:43,238 - INFO - 2025-07-28 11:02:43.238376     App Key:     2B7E151628AED2A6ABF7158809CF4F3C
2025-07-28 11:02:43,238 - INFO - 2025-07-28 11:02:43.238406  📤 Payload downlink: 80029999010181
2025-07-28 11:02:43,238 - INFO - 2025-07-28 11:02:43.238440  ━━━━━━━━━━━━━━━━━━━━━━━━━━━━━━━━━━━━━━━━━━━━━━━━━━━━
2025-07-28 11:02:43,238 - INFO - 2025-07-28 11:02:43.238472  ⏳ Esperando conexión del gateway...
2025-07-28 11:02:43,238 - INFO - 2025-07-28 11:02:43.238504  Servidor ejecutándose... Presiona Ctrl+C para detener
2025-07-28 11:02:45,290 - INFO - 2025-07-28 11:02:45.290052  🔗 Gateway conectado: 8CF319FFFE10DEF9
2025-07-28 11:02:45,290 - INFO - 2025-07-28 11:02:45.290324     IP: 127.0.0.1:54163
2025-07-28 11:02:53,342 - INFO - 2025-07-28 11:02:53.342120  PUSH_DATA recibido del gateway: 8CF319FFFE10DEF9
2025-07-28 11:02:53,342 - INFO - 2025-07-28 11:02:53.342259  Datos: {
  "stat": {
    "time": "2025-07-28 09:02:53 GMT",
    "rxnb": 0,
    "rxok": 0,
    "rxfw": 0,
    "ackr": 0.0,
    "dwnb": 0,
    "txnb": 0,
    "temp": -0.0
  }
}
2025-07-28 11:02:53,342 - INFO - 2025-07-28 11:02:53.342516  PUSH_ACK enviado
2025-07-28 11:03:23,340 - INFO - 2025-07-28 11:03:23.340260  PUSH_DATA recibido del gateway: 8CF319FFFE10DEF9
2025-07-28 11:03:23,340 - INFO - 2025-07-28 11:03:23.340507  Datos: {
  "stat": {
    "time": "2025-07-28 09:03:23 GMT",
    "rxnb": 0,
    "rxok": 0,
    "rxfw": 0,
    "ackr": 100.0,
    "dwnb": 0,
    "txnb": 0,
    "temp": -0.0
  }
}
2025-07-28 11:03:23,340 - INFO - 2025-07-28 11:03:23.340763  PUSH_ACK enviado
2025-07-28 11:03:53,343 - INFO - 2025-07-28 11:03:53.343638  PUSH_DATA recibido del gateway: 8CF319FFFE10DEF9
2025-07-28 11:03:53,344 - INFO - 2025-07-28 11:03:53.343940  Datos: {
  "stat": {
    "time": "2025-07-28 09:03:53 GMT",
    "rxnb": 0,
    "rxok": 0,
    "rxfw": 0,
    "ackr": 100.0,
    "dwnb": 0,
    "txnb": 0,
    "temp": -0.0
  }
}
2025-07-28 11:03:53,344 - INFO - 2025-07-28 11:03:53.344253  PUSH_ACK enviado
2025-07-28 11:04:23,341 - INFO - 2025-07-28 11:04:23.341519  PUSH_DATA recibido del gateway: 8CF319FFFE10DEF9
2025-07-28 11:04:23,341 - INFO - 2025-07-28 11:04:23.341770  Datos: {
  "stat": {
    "time": "2025-07-28 09:04:23 GMT",
    "rxnb": 0,
    "rxok": 0,
    "rxfw": 0,
    "ackr": 100.0,
    "dwnb": 0,
    "txnb": 0,
    "temp": -0.0
  }
}
2025-07-28 11:04:23,342 - INFO - 2025-07-28 11:04:23.342072  PUSH_ACK enviado
2025-07-28 11:04:53,342 - INFO - 2025-07-28 11:04:53.342485  PUSH_DATA recibido del gateway: 8CF319FFFE10DEF9
2025-07-28 11:04:53,342 - INFO - 2025-07-28 11:04:53.342724  Datos: {
  "stat": {
    "time": "2025-07-28 09:04:53 GMT",
    "rxnb": 0,
    "rxok": 0,
    "rxfw": 0,
    "ackr": 100.0,
    "dwnb": 0,
    "txnb": 0,
    "temp": -0.0
  }
}
2025-07-28 11:04:53,343 - INFO - 2025-07-28 11:04:53.343017  PUSH_ACK enviado
2025-07-28 11:05:23,349 - INFO - 2025-07-28 11:05:23.349452  PUSH_DATA recibido del gateway: 8CF319FFFE10DEF9
2025-07-28 11:05:23,349 - INFO - 2025-07-28 11:05:23.349733  Datos: {
  "stat": {
    "time": "2025-07-28 09:05:23 GMT",
    "rxnb": 0,
    "rxok": 0,
    "rxfw": 0,
    "ackr": 100.0,
    "dwnb": 0,
    "txnb": 0,
    "temp": -0.0
  }
}
2025-07-28 11:05:23,356 - INFO - 2025-07-28 11:05:23.356924  PUSH_ACK enviado
2025-07-28 11:05:53,349 - INFO - 2025-07-28 11:05:53.349804  PUSH_DATA recibido del gateway: 8CF319FFFE10DEF9
2025-07-28 11:05:53,350 - INFO - 2025-07-28 11:05:53.350176  Datos: {
  "stat": {
    "time": "2025-07-28 09:05:53 GMT",
    "rxnb": 0,
    "rxok": 0,
    "rxfw": 0,
    "ackr": 100.0,
    "dwnb": 0,
    "txnb": 0,
    "temp": -0.0
  }
}
2025-07-28 11:05:53,350 - INFO - 2025-07-28 11:05:53.350457  PUSH_ACK enviado
2025-07-28 11:06:23,351 - INFO - 2025-07-28 11:06:23.351169  PUSH_DATA recibido del gateway: 8CF319FFFE10DEF9
2025-07-28 11:06:23,351 - INFO - 2025-07-28 11:06:23.351540  Datos: {
  "stat": {
    "time": "2025-07-28 09:06:23 GMT",
    "rxnb": 0,
    "rxok": 0,
    "rxfw": 0,
    "ackr": 100.0,
    "dwnb": 0,
    "txnb": 0,
    "temp": -0.0
  }
}
2025-07-28 11:06:23,351 - INFO - 2025-07-28 11:06:23.351824  PUSH_ACK enviado
2025-07-28 11:06:53,354 - INFO - 2025-07-28 11:06:53.354750  PUSH_DATA recibido del gateway: 8CF319FFFE10DEF9
2025-07-28 11:06:53,355 - INFO - 2025-07-28 11:06:53.355105  Datos: {
  "stat": {
    "time": "2025-07-28 09:06:53 GMT",
    "rxnb": 1,
    "rxok": 0,
    "rxfw": 0,
    "ackr": 100.0,
    "dwnb": 0,
    "txnb": 0,
    "temp": -0.0
  }
}
2025-07-28 11:06:53,362 - INFO - 2025-07-28 11:06:53.362148  PUSH_ACK enviado
2025-07-28 11:07:23,355 - INFO - 2025-07-28 11:07:23.355675  PUSH_DATA recibido del gateway: 8CF319FFFE10DEF9
2025-07-28 11:07:23,356 - INFO - 2025-07-28 11:07:23.356061  Datos: {
  "stat": {
    "time": "2025-07-28 09:07:23 GMT",
    "rxnb": 0,
    "rxok": 0,
    "rxfw": 0,
    "ackr": 100.0,
    "dwnb": 0,
    "txnb": 0,
    "temp": -0.0
  }
}
2025-07-28 11:07:23,356 - INFO - 2025-07-28 11:07:23.356377  PUSH_ACK enviado
2025-07-28 11:07:53,357 - INFO - 2025-07-28 11:07:53.356959  PUSH_DATA recibido del gateway: 8CF319FFFE10DEF9
2025-07-28 11:07:53,357 - INFO - 2025-07-28 11:07:53.357201  Datos: {
  "stat": {
    "time": "2025-07-28 09:07:53 GMT",
    "rxnb": 0,
    "rxok": 0,
    "rxfw": 0,
    "ackr": 100.0,
    "dwnb": 0,
    "txnb": 0,
    "temp": -0.0
  }
}
2025-07-28 11:07:53,357 - INFO - 2025-07-28 11:07:53.357454  PUSH_ACK enviado
2025-07-28 11:08:23,353 - INFO - 2025-07-28 11:08:23.353606  PUSH_DATA recibido del gateway: 8CF319FFFE10DEF9
2025-07-28 11:08:23,354 - INFO - 2025-07-28 11:08:23.353905  Datos: {
  "stat": {
    "time": "2025-07-28 09:08:23 GMT",
    "rxnb": 0,
    "rxok": 0,
    "rxfw": 0,
    "ackr": 100.0,
    "dwnb": 0,
    "txnb": 0,
    "temp": -0.0
  }
}
2025-07-28 11:08:23,354 - INFO - 2025-07-28 11:08:23.354338  PUSH_ACK enviado
2025-07-28 11:08:53,356 - INFO - 2025-07-28 11:08:53.356012  PUSH_DATA recibido del gateway: 8CF319FFFE10DEF9
2025-07-28 11:08:53,356 - INFO - 2025-07-28 11:08:53.356252  Datos: {
  "stat": {
    "time": "2025-07-28 09:08:53 GMT",
    "rxnb": 0,
    "rxok": 0,
    "rxfw": 0,
    "ackr": 100.0,
    "dwnb": 0,
    "txnb": 0,
    "temp": -0.0
  }
}
2025-07-28 11:08:53,356 - INFO - 2025-07-28 11:08:53.356542  PUSH_ACK enviado
2025-07-28 11:09:23,366 - INFO - 2025-07-28 11:09:23.366651  PUSH_DATA recibido del gateway: 8CF319FFFE10DEF9
2025-07-28 11:09:23,366 - INFO - 2025-07-28 11:09:23.366877  Datos: {
  "stat": {
    "time": "2025-07-28 09:09:23 GMT",
    "rxnb": 0,
    "rxok": 0,
    "rxfw": 0,
    "ackr": 100.0,
    "dwnb": 0,
    "txnb": 0,
    "temp": -0.0
  }
}
2025-07-28 11:09:23,367 - INFO - 2025-07-28 11:09:23.367145  PUSH_ACK enviado
2025-07-28 11:09:53,362 - INFO - 2025-07-28 11:09:53.362611  PUSH_DATA recibido del gateway: 8CF319FFFE10DEF9
2025-07-28 11:09:53,362 - INFO - 2025-07-28 11:09:53.362856  Datos: {
  "stat": {
    "time": "2025-07-28 09:09:53 GMT",
    "rxnb": 0,
    "rxok": 0,
    "rxfw": 0,
    "ackr": 100.0,
    "dwnb": 0,
    "txnb": 0,
    "temp": -0.0
  }
}
2025-07-28 11:09:53,363 - INFO - 2025-07-28 11:09:53.363122  PUSH_ACK enviado
2025-07-28 11:10:23,370 - INFO - 2025-07-28 11:10:23.370425  PUSH_DATA recibido del gateway: 8CF319FFFE10DEF9
2025-07-28 11:10:23,370 - INFO - 2025-07-28 11:10:23.370658  Datos: {
  "stat": {
    "time": "2025-07-28 09:10:23 GMT",
    "rxnb": 0,
    "rxok": 0,
    "rxfw": 0,
    "ackr": 100.0,
    "dwnb": 0,
    "txnb": 0,
    "temp": -0.0
  }
}
2025-07-28 11:10:23,370 - INFO - 2025-07-28 11:10:23.370914  PUSH_ACK enviado
2025-07-28 11:10:53,366 - INFO - 2025-07-28 11:10:53.365988  PUSH_DATA recibido del gateway: 8CF319FFFE10DEF9
2025-07-28 11:10:53,366 - INFO - 2025-07-28 11:10:53.366251  Datos: {
  "stat": {
    "time": "2025-07-28 09:10:53 GMT",
    "rxnb": 0,
    "rxok": 0,
    "rxfw": 0,
    "ackr": 100.0,
    "dwnb": 0,
    "txnb": 0,
    "temp": -0.0
  }
}
2025-07-28 11:10:53,366 - INFO - 2025-07-28 11:10:53.366551  PUSH_ACK enviado
2025-07-28 11:11:01,080 - INFO - 2025-07-28 11:11:01.080100  PUSH_DATA recibido del gateway: 8CF319FFFE10DEF9
2025-07-28 11:11:01,080 - INFO - 2025-07-28 11:11:01.080259  Datos: {
  "rxpk": [
    {
      "jver": 1,
      "tmst": 998604290,
      "chan": 7,
      "rfch": 0,
      "freq": 867.9,
      "mid": 0,
      "stat": 1,
      "modu": "LORA",
      "datr": "SF11BW125",
      "codr": "4/5",
      "rssis": -137,
      "lsnr": -19.5,
      "foff": 415,
      "rssi": -119,
      "size": 15,
      "data": "QOd2BOCAFwECbsnFJN/Q"
    }
  ]
}
2025-07-28 11:11:01,080 - INFO - 2025-07-28 11:11:01.080452  
--- Nuevo mensaje uplink ---
2025-07-28 11:11:01,080 - INFO - 2025-07-28 11:11:01.080505  Timestamp: 11:11:01
2025-07-28 11:11:01,080 - INFO - 2025-07-28 11:11:01.080554  Frecuencia: 867.9 MHz
2025-07-28 11:11:01,080 - INFO - 2025-07-28 11:11:01.080599  RSSI: -119 dBm
2025-07-28 11:11:01,080 - INFO - 2025-07-28 11:11:01.080631  SNR: -19.5 dB
2025-07-28 11:11:01,080 - INFO - 2025-07-28 11:11:01.080676  Data Rate: SF11BW125
2025-07-28 11:11:01,080 - INFO - 2025-07-28 11:11:01.080710  Payload: 40E77604E0801701026EC9C524DFD0
2025-07-28 11:11:01,080 - INFO - 2025-07-28 11:11:01.080746  MHDR: 0x40
2025-07-28 11:11:01,080 - INFO - 2025-07-28 11:11:01.080782  Tipo de mensaje: 2
2025-07-28 11:11:01,080 - INFO - 2025-07-28 11:11:01.080814  📥 Procesando Unconfirmed Data Up
2025-07-28 11:11:01,080 - INFO - 2025-07-28 11:11:01.080853  📊 Unconfirmed Data Up:
2025-07-28 11:11:01,080 - INFO - 2025-07-28 11:11:01.080888    DevAddr: E00476E7
2025-07-28 11:11:01,080 - INFO - 2025-07-28 11:11:01.080918    FCtrl: 0x80
2025-07-28 11:11:01,080 - INFO - 2025-07-28 11:11:01.080949    FCnt: 279
2025-07-28 11:11:01,080 - INFO - 2025-07-28 11:11:01.080981  ❌ No hay sesión para el dispositivo: E00476E7
2025-07-28 11:11:01,081 - INFO - 2025-07-28 11:11:01.081013     Sesiones disponibles: []
2025-07-28 11:11:01,081 - INFO - 2025-07-28 11:11:01.081069  PUSH_ACK enviado
2025-07-28 11:11:23,368 - INFO - 2025-07-28 11:11:23.368107  PUSH_DATA recibido del gateway: 8CF319FFFE10DEF9
2025-07-28 11:11:23,368 - INFO - 2025-07-28 11:11:23.368372  Datos: {
  "stat": {
    "time": "2025-07-28 09:11:23 GMT",
    "rxnb": 1,
    "rxok": 1,
    "rxfw": 1,
    "ackr": 100.0,
    "dwnb": 0,
    "txnb": 0,
    "temp": -0.0
  }
}
2025-07-28 11:11:23,368 - INFO - 2025-07-28 11:11:23.368670  PUSH_ACK enviado
2025-07-28 11:11:53,369 - INFO - 2025-07-28 11:11:53.369411  PUSH_DATA recibido del gateway: 8CF319FFFE10DEF9
2025-07-28 11:11:53,369 - INFO - 2025-07-28 11:11:53.369681  Datos: {
  "stat": {
    "time": "2025-07-28 09:11:53 GMT",
    "rxnb": 0,
    "rxok": 0,
    "rxfw": 0,
    "ackr": 100.0,
    "dwnb": 0,
    "txnb": 0,
    "temp": -0.0
  }
}
2025-07-28 11:11:53,370 - INFO - 2025-07-28 11:11:53.370096  PUSH_ACK enviado
2025-07-28 11:12:23,381 - INFO - 2025-07-28 11:12:23.381795  PUSH_DATA recibido del gateway: 8CF319FFFE10DEF9
2025-07-28 11:12:23,382 - INFO - 2025-07-28 11:12:23.381956  Datos: {
  "stat": {
    "time": "2025-07-28 09:12:23 GMT",
    "rxnb": 0,
    "rxok": 0,
    "rxfw": 0,
    "ackr": 100.0,
    "dwnb": 0,
    "txnb": 0,
    "temp": -0.0
  }
}
2025-07-28 11:12:23,382 - INFO - 2025-07-28 11:12:23.382140  PUSH_ACK enviado
2025-07-28 11:12:53,374 - INFO - 2025-07-28 11:12:53.374216  PUSH_DATA recibido del gateway: 8CF319FFFE10DEF9
2025-07-28 11:12:53,374 - INFO - 2025-07-28 11:12:53.374454  Datos: {
  "stat": {
    "time": "2025-07-28 09:12:53 GMT",
    "rxnb": 0,
    "rxok": 0,
    "rxfw": 0,
    "ackr": 100.0,
    "dwnb": 0,
    "txnb": 0,
    "temp": -0.0
  }
}
2025-07-28 11:12:53,374 - INFO - 2025-07-28 11:12:53.374760  PUSH_ACK enviado
2025-07-28 11:13:23,389 - INFO - 2025-07-28 11:13:23.389155  PUSH_DATA recibido del gateway: 8CF319FFFE10DEF9
2025-07-28 11:13:23,389 - INFO - 2025-07-28 11:13:23.389391  Datos: {
  "stat": {
    "time": "2025-07-28 09:13:23 GMT",
    "rxnb": 0,
    "rxok": 0,
    "rxfw": 0,
    "ackr": 100.0,
    "dwnb": 0,
    "txnb": 0,
    "temp": -0.0
  }
}
2025-07-28 11:13:23,389 - INFO - 2025-07-28 11:13:23.389636  PUSH_ACK enviado
2025-07-28 11:13:53,381 - INFO - 2025-07-28 11:13:53.381527  PUSH_DATA recibido del gateway: 8CF319FFFE10DEF9
2025-07-28 11:13:53,381 - INFO - 2025-07-28 11:13:53.381795  Datos: {
  "stat": {
    "time": "2025-07-28 09:13:53 GMT",
    "rxnb": 0,
    "rxok": 0,
    "rxfw": 0,
    "ackr": 100.0,
    "dwnb": 0,
    "txnb": 0,
    "temp": -0.0
  }
}
2025-07-28 11:13:53,382 - INFO - 2025-07-28 11:13:53.382109  PUSH_ACK enviado
2025-07-28 11:14:23,390 - INFO - 2025-07-28 11:14:23.390092  PUSH_DATA recibido del gateway: 8CF319FFFE10DEF9
2025-07-28 11:14:23,390 - INFO - 2025-07-28 11:14:23.390331  Datos: {
  "stat": {
    "time": "2025-07-28 09:14:23 GMT",
    "rxnb": 0,
    "rxok": 0,
    "rxfw": 0,
    "ackr": 100.0,
    "dwnb": 0,
    "txnb": 0,
    "temp": -0.0
  }
}
2025-07-28 11:14:23,390 - INFO - 2025-07-28 11:14:23.390692  PUSH_ACK enviado
2025-07-28 11:14:53,393 - INFO - 2025-07-28 11:14:53.392964  PUSH_DATA recibido del gateway: 8CF319FFFE10DEF9
2025-07-28 11:14:53,393 - INFO - 2025-07-28 11:14:53.393255  Datos: {
  "stat": {
    "time": "2025-07-28 09:14:53 GMT",
    "rxnb": 0,
    "rxok": 0,
    "rxfw": 0,
    "ackr": 100.0,
    "dwnb": 0,
    "txnb": 0,
    "temp": -0.0
  }
}
2025-07-28 11:14:53,393 - INFO - 2025-07-28 11:14:53.393533  PUSH_ACK enviado
2025-07-28 11:15:23,390 - INFO - 2025-07-28 11:15:23.390402  PUSH_DATA recibido del gateway: 8CF319FFFE10DEF9
2025-07-28 11:15:23,390 - INFO - 2025-07-28 11:15:23.390563  Datos: {
  "stat": {
    "time": "2025-07-28 09:15:23 GMT",
    "rxnb": 1,
    "rxok": 0,
    "rxfw": 0,
    "ackr": 100.0,
    "dwnb": 0,
    "txnb": 0,
    "temp": -0.0
  }
}
2025-07-28 11:15:23,390 - INFO - 2025-07-28 11:15:23.390671  PUSH_ACK enviado
2025-07-28 11:15:53,396 - INFO - 2025-07-28 11:15:53.396417  PUSH_DATA recibido del gateway: 8CF319FFFE10DEF9
2025-07-28 11:15:53,396 - INFO - 2025-07-28 11:15:53.396649  Datos: {
  "stat": {
    "time": "2025-07-28 09:15:53 GMT",
    "rxnb": 1,
    "rxok": 0,
    "rxfw": 0,
    "ackr": 100.0,
    "dwnb": 0,
    "txnb": 0,
    "temp": -0.0
  }
}
2025-07-28 11:15:53,396 - INFO - 2025-07-28 11:15:53.396950  PUSH_ACK enviado
2025-07-28 11:16:23,390 - INFO - 2025-07-28 11:16:23.390492  PUSH_DATA recibido del gateway: 8CF319FFFE10DEF9
2025-07-28 11:16:23,390 - INFO - 2025-07-28 11:16:23.390759  Datos: {
  "stat": {
    "time": "2025-07-28 09:16:23 GMT",
    "rxnb": 0,
    "rxok": 0,
    "rxfw": 0,
    "ackr": 100.0,
    "dwnb": 0,
    "txnb": 0,
    "temp": -0.0
  }
}
2025-07-28 11:16:23,391 - INFO - 2025-07-28 11:16:23.391081  PUSH_ACK enviado
2025-07-28 11:16:53,393 - INFO - 2025-07-28 11:16:53.393855  PUSH_DATA recibido del gateway: 8CF319FFFE10DEF9
2025-07-28 11:16:53,394 - INFO - 2025-07-28 11:16:53.394226  Datos: {
  "stat": {
    "time": "2025-07-28 09:16:53 GMT",
    "rxnb": 0,
    "rxok": 0,
    "rxfw": 0,
    "ackr": 100.0,
    "dwnb": 0,
    "txnb": 0,
    "temp": -0.0
  }
}
2025-07-28 11:16:53,394 - INFO - 2025-07-28 11:16:53.394611  PUSH_ACK enviado
2025-07-28 11:17:23,394 - INFO - 2025-07-28 11:17:23.394305  PUSH_DATA recibido del gateway: 8CF319FFFE10DEF9
2025-07-28 11:17:23,394 - INFO - 2025-07-28 11:17:23.394568  Datos: {
  "stat": {
    "time": "2025-07-28 09:17:23 GMT",
    "rxnb": 0,
    "rxok": 0,
    "rxfw": 0,
    "ackr": 100.0,
    "dwnb": 0,
    "txnb": 0,
    "temp": -0.0
  }
}
2025-07-28 11:17:23,394 - INFO - 2025-07-28 11:17:23.394864  PUSH_ACK enviado
2025-07-28 11:17:53,404 - INFO - 2025-07-28 11:17:53.404639  PUSH_DATA recibido del gateway: 8CF319FFFE10DEF9
2025-07-28 11:17:53,405 - INFO - 2025-07-28 11:17:53.405009  Datos: {
  "stat": {
    "time": "2025-07-28 09:17:53 GMT",
    "rxnb": 0,
    "rxok": 0,
    "rxfw": 0,
    "ackr": 100.0,
    "dwnb": 0,
    "txnb": 0,
    "temp": -0.0
  }
}
2025-07-28 11:17:53,405 - INFO - 2025-07-28 11:17:53.405326  PUSH_ACK enviado
2025-07-28 11:18:23,408 - INFO - 2025-07-28 11:18:23.408255  PUSH_DATA recibido del gateway: 8CF319FFFE10DEF9
2025-07-28 11:18:23,408 - INFO - 2025-07-28 11:18:23.408506  Datos: {
  "stat": {
    "time": "2025-07-28 09:18:23 GMT",
    "rxnb": 0,
    "rxok": 0,
    "rxfw": 0,
    "ackr": 100.0,
    "dwnb": 0,
    "txnb": 0,
    "temp": -0.0
  }
}
2025-07-28 11:18:23,408 - INFO - 2025-07-28 11:18:23.408863  PUSH_ACK enviado
2025-07-28 11:18:53,407 - INFO - 2025-07-28 11:18:53.407721  PUSH_DATA recibido del gateway: 8CF319FFFE10DEF9
2025-07-28 11:18:53,408 - INFO - 2025-07-28 11:18:53.407967  Datos: {
  "stat": {
    "time": "2025-07-28 09:18:53 GMT",
    "rxnb": 0,
    "rxok": 0,
    "rxfw": 0,
    "ackr": 100.0,
    "dwnb": 0,
    "txnb": 0,
    "temp": -0.0
  }
}
2025-07-28 11:18:53,408 - INFO - 2025-07-28 11:18:53.408374  PUSH_ACK enviado
2025-07-28 11:19:23,415 - INFO - 2025-07-28 11:19:23.415419  PUSH_DATA recibido del gateway: 8CF319FFFE10DEF9
2025-07-28 11:19:23,415 - INFO - 2025-07-28 11:19:23.415671  Datos: {
  "stat": {
    "time": "2025-07-28 09:19:23 GMT",
    "rxnb": 0,
    "rxok": 0,
    "rxfw": 0,
    "ackr": 100.0,
    "dwnb": 0,
    "txnb": 0,
    "temp": -0.0
  }
}
2025-07-28 11:19:23,415 - INFO - 2025-07-28 11:19:23.415970  PUSH_ACK enviado
2025-07-28 11:19:53,412 - INFO - 2025-07-28 11:19:53.412558  PUSH_DATA recibido del gateway: 8CF319FFFE10DEF9
2025-07-28 11:19:53,412 - INFO - 2025-07-28 11:19:53.412856  Datos: {
  "stat": {
    "time": "2025-07-28 09:19:53 GMT",
    "rxnb": 0,
    "rxok": 0,
    "rxfw": 0,
    "ackr": 100.0,
    "dwnb": 0,
    "txnb": 0,
    "temp": -0.0
  }
}
2025-07-28 11:19:53,413 - INFO - 2025-07-28 11:19:53.413158  PUSH_ACK enviado
2025-07-28 11:20:23,419 - INFO - 2025-07-28 11:20:23.419159  PUSH_DATA recibido del gateway: 8CF319FFFE10DEF9
2025-07-28 11:20:23,419 - INFO - 2025-07-28 11:20:23.419408  Datos: {
  "stat": {
    "time": "2025-07-28 09:20:23 GMT",
    "rxnb": 0,
    "rxok": 0,
    "rxfw": 0,
    "ackr": 100.0,
    "dwnb": 0,
    "txnb": 0,
    "temp": -0.0
  }
}
2025-07-28 11:20:23,419 - INFO - 2025-07-28 11:20:23.419711  PUSH_ACK enviado
2025-07-28 11:20:38,155 - INFO - 2025-07-28 11:20:38.155366  PUSH_DATA recibido del gateway: 8CF319FFFE10DEF9
2025-07-28 11:20:38,155 - INFO - 2025-07-28 11:20:38.155624  Datos: {
  "rxpk": [
    {
      "jver": 1,
      "tmst": 1575702897,
      "chan": 5,
      "rfch": 0,
      "freq": 867.5,
      "mid": 0,
      "stat": 1,
      "modu": "LORA",
      "datr": "SF12BW125",
      "codr": "4/5",
      "rssis": -126,
      "lsnr": -10.0,
      "foff": -749,
      "rssi": -115,
      "size": 52,
      "data": "4Mpzgd2KG0amDEdu863fNcoTf2JlRnbdPORCnGj2eIWzzcDUygFQzhlGbgV72ALvTSjQiA=="
    }
  ]
}
2025-07-28 11:20:38,155 - INFO - 2025-07-28 11:20:38.155970  
--- Nuevo mensaje uplink ---
2025-07-28 11:20:38,156 - INFO - 2025-07-28 11:20:38.156105  Timestamp: 11:20:38
2025-07-28 11:20:38,156 - INFO - 2025-07-28 11:20:38.156246  Frecuencia: 867.5 MHz
2025-07-28 11:20:38,156 - INFO - 2025-07-28 11:20:38.156369  RSSI: -115 dBm
2025-07-28 11:20:38,156 - INFO - 2025-07-28 11:20:38.156495  SNR: -10.0 dB
2025-07-28 11:20:38,156 - INFO - 2025-07-28 11:20:38.156606  Data Rate: SF12BW125
2025-07-28 11:20:38,156 - INFO - 2025-07-28 11:20:38.156732  Payload: E0CA7381DD8A1B46A60C476EF3ADDF35CA137F62654676DD3CE4429C68F67885B3CDC0D4CA0150CE19466E057BD802EF4D28D088
2025-07-28 11:20:38,156 - INFO - 2025-07-28 11:20:38.156845  MHDR: 0xE0
2025-07-28 11:20:38,156 - INFO - 2025-07-28 11:20:38.156966  Tipo de mensaje: 7
2025-07-28 11:20:38,157 - INFO - 2025-07-28 11:20:38.157084  Tipo de mensaje no soportado: 7
2025-07-28 11:20:38,157 - INFO - 2025-07-28 11:20:38.157245  PUSH_ACK enviado
2025-07-28 11:20:53,413 - INFO - 2025-07-28 11:20:53.413748  PUSH_DATA recibido del gateway: 8CF319FFFE10DEF9
2025-07-28 11:20:53,414 - INFO - 2025-07-28 11:20:53.414022  Datos: {
  "stat": {
    "time": "2025-07-28 09:20:53 GMT",
    "rxnb": 1,
    "rxok": 1,
    "rxfw": 1,
    "ackr": 100.0,
    "dwnb": 0,
    "txnb": 0,
    "temp": -0.0
  }
}
2025-07-28 11:20:53,414 - INFO - 2025-07-28 11:20:53.414321  PUSH_ACK enviado
2025-07-28 11:21:23,423 - INFO - 2025-07-28 11:21:23.423760  PUSH_DATA recibido del gateway: 8CF319FFFE10DEF9
2025-07-28 11:21:23,424 - INFO - 2025-07-28 11:21:23.424008  Datos: {
  "stat": {
    "time": "2025-07-28 09:21:23 GMT",
    "rxnb": 0,
    "rxok": 0,
    "rxfw": 0,
    "ackr": 100.0,
    "dwnb": 0,
    "txnb": 0,
    "temp": -0.0
  }
}
2025-07-28 11:21:23,424 - INFO - 2025-07-28 11:21:23.424248  PUSH_ACK enviado
2025-07-28 11:21:53,418 - INFO - 2025-07-28 11:21:53.417967  PUSH_DATA recibido del gateway: 8CF319FFFE10DEF9
2025-07-28 11:21:53,418 - INFO - 2025-07-28 11:21:53.418236  Datos: {
  "stat": {
    "time": "2025-07-28 09:21:53 GMT",
    "rxnb": 0,
    "rxok": 0,
    "rxfw": 0,
    "ackr": 100.0,
    "dwnb": 0,
    "txnb": 0,
    "temp": -0.0
  }
}
2025-07-28 11:21:53,418 - INFO - 2025-07-28 11:21:53.418525  PUSH_ACK enviado
2025-07-28 11:22:23,426 - INFO - 2025-07-28 11:22:23.426798  PUSH_DATA recibido del gateway: 8CF319FFFE10DEF9
2025-07-28 11:22:23,427 - INFO - 2025-07-28 11:22:23.427058  Datos: {
  "stat": {
    "time": "2025-07-28 09:22:23 GMT",
    "rxnb": 0,
    "rxok": 0,
    "rxfw": 0,
    "ackr": 100.0,
    "dwnb": 0,
    "txnb": 0,
    "temp": -0.0
  }
}
2025-07-28 11:22:23,427 - INFO - 2025-07-28 11:22:23.427359  PUSH_ACK enviado
2025-07-28 11:22:53,426 - INFO - 2025-07-28 11:22:53.426891  PUSH_DATA recibido del gateway: 8CF319FFFE10DEF9
2025-07-28 11:22:53,427 - INFO - 2025-07-28 11:22:53.427134  Datos: {
  "stat": {
    "time": "2025-07-28 09:22:53 GMT",
    "rxnb": 0,
    "rxok": 0,
    "rxfw": 0,
    "ackr": 100.0,
    "dwnb": 0,
    "txnb": 0,
    "temp": -0.0
  }
}
2025-07-28 11:22:53,427 - INFO - 2025-07-28 11:22:53.427455  PUSH_ACK enviado
2025-07-28 11:23:23,428 - INFO - 2025-07-28 11:23:23.428006  PUSH_DATA recibido del gateway: 8CF319FFFE10DEF9
2025-07-28 11:23:23,428 - INFO - 2025-07-28 11:23:23.428265  Datos: {
  "stat": {
    "time": "2025-07-28 09:23:23 GMT",
    "rxnb": 0,
    "rxok": 0,
    "rxfw": 0,
    "ackr": 100.0,
    "dwnb": 0,
    "txnb": 0,
    "temp": -0.0
  }
}
2025-07-28 11:23:23,428 - INFO - 2025-07-28 11:23:23.428762  PUSH_ACK enviado
2025-07-28 11:23:53,429 - INFO - 2025-07-28 11:23:53.429826  PUSH_DATA recibido del gateway: 8CF319FFFE10DEF9
2025-07-28 11:23:53,430 - INFO - 2025-07-28 11:23:53.430064  Datos: {
  "stat": {
    "time": "2025-07-28 09:23:53 GMT",
    "rxnb": 0,
    "rxok": 0,
    "rxfw": 0,
    "ackr": 100.0,
    "dwnb": 0,
    "txnb": 0,
    "temp": -0.0
  }
}
2025-07-28 11:23:53,430 - INFO - 2025-07-28 11:23:53.430360  PUSH_ACK enviado
2025-07-28 11:24:23,430 - INFO - 2025-07-28 11:24:23.430754  PUSH_DATA recibido del gateway: 8CF319FFFE10DEF9
2025-07-28 11:24:23,431 - INFO - 2025-07-28 11:24:23.431040  Datos: {
  "stat": {
    "time": "2025-07-28 09:24:23 GMT",
    "rxnb": 0,
    "rxok": 0,
    "rxfw": 0,
    "ackr": 100.0,
    "dwnb": 0,
    "txnb": 0,
    "temp": -0.0
  }
}
2025-07-28 11:24:23,431 - INFO - 2025-07-28 11:24:23.431319  PUSH_ACK enviado
2025-07-28 11:24:53,431 - INFO - 2025-07-28 11:24:53.431738  PUSH_DATA recibido del gateway: 8CF319FFFE10DEF9
2025-07-28 11:24:53,432 - INFO - 2025-07-28 11:24:53.432056  Datos: {
  "stat": {
    "time": "2025-07-28 09:24:53 GMT",
    "rxnb": 0,
    "rxok": 0,
    "rxfw": 0,
    "ackr": 100.0,
    "dwnb": 0,
    "txnb": 0,
    "temp": -0.0
  }
}
2025-07-28 11:24:53,432 - INFO - 2025-07-28 11:24:53.432435  PUSH_ACK enviado
2025-07-28 11:25:23,429 - INFO - 2025-07-28 11:25:23.429411  PUSH_DATA recibido del gateway: 8CF319FFFE10DEF9
2025-07-28 11:25:23,429 - INFO - 2025-07-28 11:25:23.429584  Datos: {
  "stat": {
    "time": "2025-07-28 09:25:23 GMT",
    "rxnb": 0,
    "rxok": 0,
    "rxfw": 0,
    "ackr": 100.0,
    "dwnb": 0,
    "txnb": 0,
    "temp": -0.0
  }
}
2025-07-28 11:25:23,429 - INFO - 2025-07-28 11:25:23.429731  PUSH_ACK enviado
2025-07-28 11:25:53,434 - INFO - 2025-07-28 11:25:53.434392  PUSH_DATA recibido del gateway: 8CF319FFFE10DEF9
2025-07-28 11:25:53,434 - INFO - 2025-07-28 11:25:53.434756  Datos: {
  "stat": {
    "time": "2025-07-28 09:25:53 GMT",
    "rxnb": 1,
    "rxok": 0,
    "rxfw": 0,
    "ackr": 100.0,
    "dwnb": 0,
    "txnb": 0,
    "temp": -0.0
  }
}
2025-07-28 11:25:53,435 - INFO - 2025-07-28 11:25:53.435055  PUSH_ACK enviado
2025-07-28 11:26:23,442 - INFO - 2025-07-28 11:26:23.442566  PUSH_DATA recibido del gateway: 8CF319FFFE10DEF9
2025-07-28 11:26:23,442 - INFO - 2025-07-28 11:26:23.442822  Datos: {
  "stat": {
    "time": "2025-07-28 09:26:23 GMT",
    "rxnb": 0,
    "rxok": 0,
    "rxfw": 0,
    "ackr": 100.0,
    "dwnb": 0,
    "txnb": 0,
    "temp": -0.0
  }
}
2025-07-28 11:26:23,443 - INFO - 2025-07-28 11:26:23.443108  PUSH_ACK enviado
2025-07-28 11:26:53,439 - INFO - 2025-07-28 11:26:53.439574  PUSH_DATA recibido del gateway: 8CF319FFFE10DEF9
2025-07-28 11:26:53,439 - INFO - 2025-07-28 11:26:53.439740  Datos: {
  "stat": {
    "time": "2025-07-28 09:26:53 GMT",
    "rxnb": 0,
    "rxok": 0,
    "rxfw": 0,
    "ackr": 100.0,
    "dwnb": 0,
    "txnb": 0,
    "temp": -0.0
  }
}
2025-07-28 11:26:53,439 - INFO - 2025-07-28 11:26:53.439895  PUSH_ACK enviado
2025-07-28 11:27:23,437 - INFO - 2025-07-28 11:27:23.437203  PUSH_DATA recibido del gateway: 8CF319FFFE10DEF9
2025-07-28 11:27:23,437 - INFO - 2025-07-28 11:27:23.437357  Datos: {
  "stat": {
    "time": "2025-07-28 09:27:23 GMT",
    "rxnb": 0,
    "rxok": 0,
    "rxfw": 0,
    "ackr": 100.0,
    "dwnb": 0,
    "txnb": 0,
    "temp": -0.0
  }
}
2025-07-28 11:27:23,437 - INFO - 2025-07-28 11:27:23.437526  PUSH_ACK enviado
2025-07-28 11:27:53,451 - INFO - 2025-07-28 11:27:53.451401  PUSH_DATA recibido del gateway: 8CF319FFFE10DEF9
2025-07-28 11:27:53,451 - INFO - 2025-07-28 11:27:53.451671  Datos: {
  "stat": {
    "time": "2025-07-28 09:27:53 GMT",
    "rxnb": 0,
    "rxok": 0,
    "rxfw": 0,
    "ackr": 100.0,
    "dwnb": 0,
    "txnb": 0,
    "temp": -0.0
  }
}
2025-07-28 11:27:53,451 - INFO - 2025-07-28 11:27:53.451948  PUSH_ACK enviado
2025-07-28 11:28:08,277 - INFO - 2025-07-28 11:28:08.277591  PUSH_DATA recibido del gateway: 8CF319FFFE10DEF9
2025-07-28 11:28:08,277 - INFO - 2025-07-28 11:28:08.277845  Datos: {
  "rxpk": [
    {
      "jver": 1,
      "tmst": 2025836507,
      "chan": 7,
      "rfch": 0,
      "freq": 867.9,
      "mid": 0,
      "stat": 1,
      "modu": "LORA",
      "datr": "SF12BW125",
      "codr": "4/5",
      "rssis": -138,
      "lsnr": -20.8,
      "foff": 409,
      "rssi": -119,
      "size": 17,
      "data": "QOd2BOCCMQEDBwKTThE6LG8="
    }
  ]
}
2025-07-28 11:28:08,278 - INFO - 2025-07-28 11:28:08.278119  
--- Nuevo mensaje uplink ---
2025-07-28 11:28:08,278 - INFO - 2025-07-28 11:28:08.278242  Timestamp: 11:28:08
2025-07-28 11:28:08,278 - INFO - 2025-07-28 11:28:08.278374  Frecuencia: 867.9 MHz
2025-07-28 11:28:08,278 - INFO - 2025-07-28 11:28:08.278453  RSSI: -119 dBm
2025-07-28 11:28:08,278 - INFO - 2025-07-28 11:28:08.278523  SNR: -20.8 dB
2025-07-28 11:28:08,278 - INFO - 2025-07-28 11:28:08.278588  Data Rate: SF12BW125
2025-07-28 11:28:08,278 - INFO - 2025-07-28 11:28:08.278677  Payload: 40E77604E0823101030702934E113A2C6F
2025-07-28 11:28:08,278 - INFO - 2025-07-28 11:28:08.278761  MHDR: 0x40
2025-07-28 11:28:08,278 - INFO - 2025-07-28 11:28:08.278834  Tipo de mensaje: 2
2025-07-28 11:28:08,278 - INFO - 2025-07-28 11:28:08.278902  📥 Procesando Unconfirmed Data Up
2025-07-28 11:28:08,278 - INFO - 2025-07-28 11:28:08.278980  📊 Unconfirmed Data Up:
2025-07-28 11:28:08,279 - INFO - 2025-07-28 11:28:08.279058    DevAddr: E00476E7
2025-07-28 11:28:08,279 - INFO - 2025-07-28 11:28:08.279129    FCtrl: 0x82
2025-07-28 11:28:08,279 - INFO - 2025-07-28 11:28:08.279193    FCnt: 305
2025-07-28 11:28:08,279 - INFO - 2025-07-28 11:28:08.279262  ❌ No hay sesión para el dispositivo: E00476E7
2025-07-28 11:28:08,279 - INFO - 2025-07-28 11:28:08.279329     Sesiones disponibles: []
2025-07-28 11:28:08,279 - INFO - 2025-07-28 11:28:08.279441  PUSH_ACK enviado
2025-07-28 11:28:23,451 - INFO - 2025-07-28 11:28:23.451088  PUSH_DATA recibido del gateway: 8CF319FFFE10DEF9
2025-07-28 11:28:23,451 - INFO - 2025-07-28 11:28:23.451342  Datos: {
  "stat": {
    "time": "2025-07-28 09:28:23 GMT",
    "rxnb": 1,
    "rxok": 1,
    "rxfw": 1,
    "ackr": 100.0,
    "dwnb": 0,
    "txnb": 0,
    "temp": -0.0
  }
}
2025-07-28 11:28:23,451 - INFO - 2025-07-28 11:28:23.451771  PUSH_ACK enviado
2025-07-28 11:28:53,453 - INFO - 2025-07-28 11:28:53.453606  PUSH_DATA recibido del gateway: 8CF319FFFE10DEF9
2025-07-28 11:28:53,454 - INFO - 2025-07-28 11:28:53.453956  Datos: {
  "stat": {
    "time": "2025-07-28 09:28:53 GMT",
    "rxnb": 1,
    "rxok": 0,
    "rxfw": 0,
    "ackr": 100.0,
    "dwnb": 0,
    "txnb": 0,
    "temp": -0.0
  }
}
2025-07-28 11:28:53,454 - INFO - 2025-07-28 11:28:53.454401  PUSH_ACK enviado
2025-07-28 11:29:23,453 - INFO - 2025-07-28 11:29:23.453147  PUSH_DATA recibido del gateway: 8CF319FFFE10DEF9
2025-07-28 11:29:23,453 - INFO - 2025-07-28 11:29:23.453527  Datos: {
  "stat": {
    "time": "2025-07-28 09:29:23 GMT",
    "rxnb": 0,
    "rxok": 0,
    "rxfw": 0,
    "ackr": 100.0,
    "dwnb": 0,
    "txnb": 0,
    "temp": -0.0
  }
}
2025-07-28 11:29:23,453 - INFO - 2025-07-28 11:29:23.453805  PUSH_ACK enviado
2025-07-28 11:29:48,881 - INFO - 2025-07-28 11:29:48.881789  PUSH_DATA recibido del gateway: 8CF319FFFE10DEF9
2025-07-28 11:29:48,882 - INFO - 2025-07-28 11:29:48.882025  Datos: {
  "rxpk": [
    {
      "jver": 1,
      "tmst": 2126446763,
      "chan": 2,
      "rfch": 1,
      "freq": 868.5,
      "mid": 0,
      "stat": 1,
      "modu": "LORA",
      "datr": "SF12BW125",
      "codr": "4/5",
      "rssis": -46,
      "lsnr": 6.0,
      "foff": 2494,
      "rssi": -46,
      "size": 23,
      "data": "AAAAAAAgV/mMDykWACBX+YzDRt1cxiY="
    }
  ]
}
2025-07-28 11:29:48,882 - INFO - 2025-07-28 11:29:48.882306  
--- Nuevo mensaje uplink ---
2025-07-28 11:29:48,882 - INFO - 2025-07-28 11:29:48.882429  Timestamp: 11:29:48
2025-07-28 11:29:48,882 - INFO - 2025-07-28 11:29:48.882565  Frecuencia: 868.5 MHz
2025-07-28 11:29:48,882 - INFO - 2025-07-28 11:29:48.882670  RSSI: -46 dBm
2025-07-28 11:29:48,882 - INFO - 2025-07-28 11:29:48.882745  SNR: 6.0 dB
2025-07-28 11:29:48,882 - INFO - 2025-07-28 11:29:48.882850  Data Rate: SF12BW125
2025-07-28 11:29:48,882 - INFO - 2025-07-28 11:29:48.882925  Payload: 00000000002057F98C0F2916002057F98CC346DD5CC626
2025-07-28 11:29:48,883 - INFO - 2025-07-28 11:29:48.883019  MHDR: 0x00
2025-07-28 11:29:48,883 - INFO - 2025-07-28 11:29:48.883119  Tipo de mensaje: 0
2025-07-28 11:29:48,883 - INFO - 2025-07-28 11:29:48.883202  📥 Procesando Join Request
2025-07-28 11:29:48,883 - INFO - 2025-07-28 11:29:48.883306  Join Request recibido:
2025-07-28 11:29:48,883 - INFO - 2025-07-28 11:29:48.883411    DEV_EUI: 8CF957200016290F
2025-07-28 11:29:48,883 - INFO - 2025-07-28 11:29:48.883509    JOIN_EUI: 8CF9572000000000
2025-07-28 11:29:48,883 - INFO - 2025-07-28 11:29:48.883615    DevNonce: C346
2025-07-28 11:29:48,883 - INFO - 2025-07-28 11:29:48.883693    MIC: DD5CC626
2025-07-28 11:29:48,883 - INFO - 2025-07-28 11:29:48.883781  ✗ Dispositivo no autorizado
2025-07-28 11:29:48,883 - INFO - 2025-07-28 11:29:48.883862    Esperado DEV_EUI: 8CF9572000133C5C
2025-07-28 11:29:48,883 - INFO - 2025-07-28 11:29:48.883968    Esperado JOIN_EUI: 8CF9572000000000
2025-07-28 11:29:48,884 - INFO - 2025-07-28 11:29:48.884092  PUSH_ACK enviado
2025-07-28 11:29:53,457 - INFO - 2025-07-28 11:29:53.457570  PUSH_DATA recibido del gateway: 8CF319FFFE10DEF9
2025-07-28 11:29:53,457 - INFO - 2025-07-28 11:29:53.457835  Datos: {
  "stat": {
    "time": "2025-07-28 09:29:53 GMT",
    "rxnb": 1,
    "rxok": 1,
    "rxfw": 1,
    "ackr": 100.0,
    "dwnb": 0,
    "txnb": 0,
    "temp": -0.0
  }
}
2025-07-28 11:29:53,458 - INFO - 2025-07-28 11:29:53.458131  PUSH_ACK enviado
2025-07-28 11:29:56,347 - INFO - 2025-07-28 11:29:56.347691  PUSH_DATA recibido del gateway: 8CF319FFFE10DEF9
2025-07-28 11:29:56,348 - INFO - 2025-07-28 11:29:56.347928  Datos: {
  "rxpk": [
    {
      "jver": 1,
      "tmst": 2133916645,
      "chan": 2,
      "rfch": 1,
      "freq": 868.5,
      "mid": 0,
      "stat": 1,
      "modu": "LORA",
      "datr": "SF11BW125",
      "codr": "4/5",
      "rssis": -46,
      "lsnr": 6.5,
      "foff": 2490,
      "rssi": -45,
      "size": 23,
      "data": "AAAAAAAgV/mMDykWACBX+Yyy/6J6pQ0="
    }
  ]
}
2025-07-28 11:29:56,348 - INFO - 2025-07-28 11:29:56.348184  
--- Nuevo mensaje uplink ---
2025-07-28 11:29:56,348 - INFO - 2025-07-28 11:29:56.348301  Timestamp: 11:29:56
2025-07-28 11:29:56,348 - INFO - 2025-07-28 11:29:56.348423  Frecuencia: 868.5 MHz
2025-07-28 11:29:56,348 - INFO - 2025-07-28 11:29:56.348506  RSSI: -45 dBm
2025-07-28 11:29:56,348 - INFO - 2025-07-28 11:29:56.348587  SNR: 6.5 dB
2025-07-28 11:29:56,348 - INFO - 2025-07-28 11:29:56.348660  Data Rate: SF11BW125
2025-07-28 11:29:56,348 - INFO - 2025-07-28 11:29:56.348732  Payload: 00000000002057F98C0F2916002057F98CB2FFA27AA50D
2025-07-28 11:29:56,348 - INFO - 2025-07-28 11:29:56.348829  MHDR: 0x00
2025-07-28 11:29:56,348 - INFO - 2025-07-28 11:29:56.348904  Tipo de mensaje: 0
2025-07-28 11:29:56,348 - INFO - 2025-07-28 11:29:56.348979  📥 Procesando Join Request
2025-07-28 11:29:56,349 - INFO - 2025-07-28 11:29:56.349062  Join Request recibido:
2025-07-28 11:29:56,349 - INFO - 2025-07-28 11:29:56.349137    DEV_EUI: 8CF957200016290F
2025-07-28 11:29:56,349 - INFO - 2025-07-28 11:29:56.349212    JOIN_EUI: 8CF9572000000000
2025-07-28 11:29:56,349 - INFO - 2025-07-28 11:29:56.349311    DevNonce: B2FF
2025-07-28 11:29:56,349 - INFO - 2025-07-28 11:29:56.349382    MIC: A27AA50D
2025-07-28 11:29:56,349 - INFO - 2025-07-28 11:29:56.349446  ✗ Dispositivo no autorizado
2025-07-28 11:29:56,349 - INFO - 2025-07-28 11:29:56.349513    Esperado DEV_EUI: 8CF9572000133C5C
2025-07-28 11:29:56,349 - INFO - 2025-07-28 11:29:56.349580    Esperado JOIN_EUI: 8CF9572000000000
2025-07-28 11:29:56,349 - INFO - 2025-07-28 11:29:56.349684  PUSH_ACK enviado
2025-07-28 11:30:20,130 - INFO - 2025-07-28 11:30:20.130524  PUSH_DATA recibido del gateway: 8CF319FFFE10DEF9
2025-07-28 11:30:20,130 - INFO - 2025-07-28 11:30:20.130800  Datos: {
  "rxpk": [
    {
      "jver": 1,
      "tmst": 2157689323,
      "chan": 4,
      "rfch": 0,
      "freq": 867.3,
      "mid": 0,
      "stat": 1,
      "modu": "LORA",
      "datr": "SF12BW125",
      "codr": "4/5",
      "rssis": -142,
      "lsnr": -24.5,
      "foff": 416,
      "rssi": -119,
      "size": 15,
      "data": "QOd2BOCAMwEC75nD2GtT"
    }
  ]
}
2025-07-28 11:30:20,131 - INFO - 2025-07-28 11:30:20.131062  
--- Nuevo mensaje uplink ---
2025-07-28 11:30:20,131 - INFO - 2025-07-28 11:30:20.131283  Timestamp: 11:30:20
2025-07-28 11:30:20,131 - INFO - 2025-07-28 11:30:20.131432  Frecuencia: 867.3 MHz
2025-07-28 11:30:20,131 - INFO - 2025-07-28 11:30:20.131538  RSSI: -119 dBm
2025-07-28 11:30:20,131 - INFO - 2025-07-28 11:30:20.131629  SNR: -24.5 dB
2025-07-28 11:30:20,131 - INFO - 2025-07-28 11:30:20.131727  Data Rate: SF12BW125
2025-07-28 11:30:20,131 - INFO - 2025-07-28 11:30:20.131817  Payload: 40E77604E080330102EF99C3D86B53
2025-07-28 11:30:20,131 - INFO - 2025-07-28 11:30:20.131904  MHDR: 0x40
2025-07-28 11:30:20,132 - INFO - 2025-07-28 11:30:20.132001  Tipo de mensaje: 2
2025-07-28 11:30:20,132 - INFO - 2025-07-28 11:30:20.132106  📥 Procesando Unconfirmed Data Up
2025-07-28 11:30:20,132 - INFO - 2025-07-28 11:30:20.132213  📊 Unconfirmed Data Up:
2025-07-28 11:30:20,132 - INFO - 2025-07-28 11:30:20.132306    DevAddr: E00476E7
2025-07-28 11:30:20,132 - INFO - 2025-07-28 11:30:20.132394    FCtrl: 0x80
2025-07-28 11:30:20,132 - INFO - 2025-07-28 11:30:20.132484    FCnt: 307
2025-07-28 11:30:20,132 - INFO - 2025-07-28 11:30:20.132662  ❌ No hay sesión para el dispositivo: E00476E7
2025-07-28 11:30:20,132 - INFO - 2025-07-28 11:30:20.132781     Sesiones disponibles: []
2025-07-28 11:30:20,132 - INFO - 2025-07-28 11:30:20.132929  PUSH_ACK enviado
2025-07-28 11:30:23,460 - INFO - 2025-07-28 11:30:23.460390  PUSH_DATA recibido del gateway: 8CF319FFFE10DEF9
2025-07-28 11:30:23,460 - INFO - 2025-07-28 11:30:23.460622  Datos: {
  "stat": {
    "time": "2025-07-28 09:30:23 GMT",
    "rxnb": 2,
    "rxok": 2,
    "rxfw": 2,
    "ackr": 100.0,
    "dwnb": 0,
    "txnb": 0,
    "temp": -0.0
  }
}
2025-07-28 11:30:23,460 - INFO - 2025-07-28 11:30:23.460907  PUSH_ACK enviado
2025-07-28 11:30:45,251 - INFO - 2025-07-28 11:30:45.251806  PUSH_DATA recibido del gateway: 8CF319FFFE10DEF9
2025-07-28 11:30:45,252 - INFO - 2025-07-28 11:30:45.252087  Datos: {
  "rxpk": [
    {
      "jver": 1,
      "tmst": 2182815903,
      "chan": 2,
      "rfch": 1,
      "freq": 868.5,
      "mid": 1,
      "stat": 1,
      "modu": "LORA",
      "datr": "SF12BW125",
      "codr": "4/5",
      "rssis": -46,
      "lsnr": 6.0,
      "foff": 2490,
      "rssi": -46,
      "size": 23,
      "data": "AAAAAAAgV/mMDykWACBX+YyxUiH3Mfs="
    }
  ]
}
2025-07-28 11:30:45,252 - INFO - 2025-07-28 11:30:45.252370  
--- Nuevo mensaje uplink ---
2025-07-28 11:30:45,252 - INFO - 2025-07-28 11:30:45.252641  Timestamp: 11:30:45
2025-07-28 11:30:45,252 - INFO - 2025-07-28 11:30:45.252809  Frecuencia: 868.5 MHz
2025-07-28 11:30:45,252 - INFO - 2025-07-28 11:30:45.252900  RSSI: -46 dBm
2025-07-28 11:30:45,252 - INFO - 2025-07-28 11:30:45.252973  SNR: 6.0 dB
2025-07-28 11:30:45,253 - INFO - 2025-07-28 11:30:45.253042  Data Rate: SF12BW125
2025-07-28 11:30:45,253 - INFO - 2025-07-28 11:30:45.253112  Payload: 00000000002057F98C0F2916002057F98CB15221F731FB
2025-07-28 11:30:45,253 - INFO - 2025-07-28 11:30:45.253179  MHDR: 0x00
2025-07-28 11:30:45,253 - INFO - 2025-07-28 11:30:45.253253  Tipo de mensaje: 0
2025-07-28 11:30:45,253 - INFO - 2025-07-28 11:30:45.253320  📥 Procesando Join Request
2025-07-28 11:30:45,253 - INFO - 2025-07-28 11:30:45.253397  Join Request recibido:
2025-07-28 11:30:45,253 - INFO - 2025-07-28 11:30:45.253469    DEV_EUI: 8CF957200016290F
2025-07-28 11:30:45,253 - INFO - 2025-07-28 11:30:45.253536    JOIN_EUI: 8CF9572000000000
2025-07-28 11:30:45,253 - INFO - 2025-07-28 11:30:45.253599    DevNonce: B152
2025-07-28 11:30:45,253 - INFO - 2025-07-28 11:30:45.253669    MIC: 21F731FB
2025-07-28 11:30:45,253 - INFO - 2025-07-28 11:30:45.253732  ✗ Dispositivo no autorizado
2025-07-28 11:30:45,254 - INFO - 2025-07-28 11:30:45.254006    Esperado DEV_EUI: 8CF9572000133C5C
2025-07-28 11:30:45,254 - INFO - 2025-07-28 11:30:45.254088    Esperado JOIN_EUI: 8CF9572000000000
2025-07-28 11:30:45,254 - INFO - 2025-07-28 11:30:45.254197  PUSH_ACK enviado
2025-07-28 11:30:53,460 - INFO - 2025-07-28 11:30:53.460907  PUSH_DATA recibido del gateway: 8CF319FFFE10DEF9
2025-07-28 11:30:53,461 - INFO - 2025-07-28 11:30:53.461161  Datos: {
  "stat": {
    "time": "2025-07-28 09:30:53 GMT",
    "rxnb": 1,
    "rxok": 1,
    "rxfw": 1,
    "ackr": 100.0,
    "dwnb": 0,
    "txnb": 0,
    "temp": -0.0
  }
}
2025-07-28 11:30:53,461 - INFO - 2025-07-28 11:30:53.461550  PUSH_ACK enviado
2025-07-28 11:31:23,466 - INFO - 2025-07-28 11:31:23.466903  PUSH_DATA recibido del gateway: 8CF319FFFE10DEF9
2025-07-28 11:31:23,467 - INFO - 2025-07-28 11:31:23.467159  Datos: {
  "stat": {
    "time": "2025-07-28 09:31:23 GMT",
    "rxnb": 0,
    "rxok": 0,
    "rxfw": 0,
    "ackr": 100.0,
    "dwnb": 0,
    "txnb": 0,
    "temp": -0.0
  }
}
2025-07-28 11:31:23,467 - INFO - 2025-07-28 11:31:23.467472  PUSH_ACK enviado
2025-07-28 11:31:53,460 - INFO - 2025-07-28 11:31:53.460261  PUSH_DATA recibido del gateway: 8CF319FFFE10DEF9
2025-07-28 11:31:53,460 - INFO - 2025-07-28 11:31:53.460518  Datos: {
  "stat": {
    "time": "2025-07-28 09:31:53 GMT",
    "rxnb": 0,
    "rxok": 0,
    "rxfw": 0,
    "ackr": 100.0,
    "dwnb": 0,
    "txnb": 0,
    "temp": -0.0
  }
}
2025-07-28 11:31:53,460 - INFO - 2025-07-28 11:31:53.460821  PUSH_ACK enviado
2025-07-28 11:32:23,474 - INFO - 2025-07-28 11:32:23.474553  PUSH_DATA recibido del gateway: 8CF319FFFE10DEF9
2025-07-28 11:32:23,474 - INFO - 2025-07-28 11:32:23.474804  Datos: {
  "stat": {
    "time": "2025-07-28 09:32:23 GMT",
    "rxnb": 0,
    "rxok": 0,
    "rxfw": 0,
    "ackr": 100.0,
    "dwnb": 0,
    "txnb": 0,
    "temp": -0.0
  }
}
2025-07-28 11:32:23,475 - INFO - 2025-07-28 11:32:23.475123  PUSH_ACK enviado
2025-07-28 11:32:53,466 - INFO - 2025-07-28 11:32:53.466607  PUSH_DATA recibido del gateway: 8CF319FFFE10DEF9
2025-07-28 11:32:53,466 - INFO - 2025-07-28 11:32:53.466866  Datos: {
  "stat": {
    "time": "2025-07-28 09:32:53 GMT",
    "rxnb": 0,
    "rxok": 0,
    "rxfw": 0,
    "ackr": 100.0,
    "dwnb": 0,
    "txnb": 0,
    "temp": -0.0
  }
}
2025-07-28 11:32:53,473 - INFO - 2025-07-28 11:32:53.473909  PUSH_ACK enviado
2025-07-28 11:33:23,470 - INFO - 2025-07-28 11:33:23.470835  PUSH_DATA recibido del gateway: 8CF319FFFE10DEF9
2025-07-28 11:33:23,471 - INFO - 2025-07-28 11:33:23.471083  Datos: {
  "stat": {
    "time": "2025-07-28 09:33:23 GMT",
    "rxnb": 0,
    "rxok": 0,
    "rxfw": 0,
    "ackr": 100.0,
    "dwnb": 0,
    "txnb": 0,
    "temp": -0.0
  }
}
2025-07-28 11:33:23,471 - INFO - 2025-07-28 11:33:23.471342  PUSH_ACK enviado
2025-07-28 11:33:53,482 - INFO - 2025-07-28 11:33:53.482356  PUSH_DATA recibido del gateway: 8CF319FFFE10DEF9
2025-07-28 11:33:53,482 - INFO - 2025-07-28 11:33:53.482602  Datos: {
  "stat": {
    "time": "2025-07-28 09:33:53 GMT",
    "rxnb": 0,
    "rxok": 0,
    "rxfw": 0,
    "ackr": 100.0,
    "dwnb": 0,
    "txnb": 0,
    "temp": -0.0
  }
}
2025-07-28 11:33:53,482 - INFO - 2025-07-28 11:33:53.482860  PUSH_ACK enviado
2025-07-28 11:34:23,483 - INFO - 2025-07-28 11:34:23.483408  PUSH_DATA recibido del gateway: 8CF319FFFE10DEF9
2025-07-28 11:34:23,483 - INFO - 2025-07-28 11:34:23.483656  Datos: {
  "stat": {
    "time": "2025-07-28 09:34:23 GMT",
    "rxnb": 0,
    "rxok": 0,
    "rxfw": 0,
    "ackr": 100.0,
    "dwnb": 0,
    "txnb": 0,
    "temp": -0.0
  }
}
2025-07-28 11:34:23,483 - INFO - 2025-07-28 11:34:23.483929  PUSH_ACK enviado
2025-07-28 11:34:53,478 - INFO - 2025-07-28 11:34:53.478515  PUSH_DATA recibido del gateway: 8CF319FFFE10DEF9
2025-07-28 11:34:53,478 - INFO - 2025-07-28 11:34:53.478790  Datos: {
  "stat": {
    "time": "2025-07-28 09:34:53 GMT",
    "rxnb": 0,
    "rxok": 0,
    "rxfw": 0,
    "ackr": 100.0,
    "dwnb": 0,
    "txnb": 0,
    "temp": -0.0
  }
}
2025-07-28 11:34:53,485 - INFO - 2025-07-28 11:34:53.485959  PUSH_ACK enviado
2025-07-28 11:35:23,481 - INFO - 2025-07-28 11:35:23.481736  PUSH_DATA recibido del gateway: 8CF319FFFE10DEF9
2025-07-28 11:35:23,482 - INFO - 2025-07-28 11:35:23.482021  Datos: {
  "stat": {
    "time": "2025-07-28 09:35:23 GMT",
    "rxnb": 0,
    "rxok": 0,
    "rxfw": 0,
    "ackr": 100.0,
    "dwnb": 0,
    "txnb": 0,
    "temp": -0.0
  }
}
2025-07-28 11:35:23,482 - INFO - 2025-07-28 11:35:23.482315  PUSH_ACK enviado
2025-07-28 11:35:53,482 - INFO - 2025-07-28 11:35:53.482412  PUSH_DATA recibido del gateway: 8CF319FFFE10DEF9
2025-07-28 11:35:53,482 - INFO - 2025-07-28 11:35:53.482705  Datos: {
  "stat": {
    "time": "2025-07-28 09:35:53 GMT",
    "rxnb": 0,
    "rxok": 0,
    "rxfw": 0,
    "ackr": 100.0,
    "dwnb": 0,
    "txnb": 0,
    "temp": -0.0
  }
}
2025-07-28 11:35:53,483 - INFO - 2025-07-28 11:35:53.483045  PUSH_ACK enviado
2025-07-28 11:36:23,494 - INFO - 2025-07-28 11:36:23.494016  PUSH_DATA recibido del gateway: 8CF319FFFE10DEF9
2025-07-28 11:36:23,494 - INFO - 2025-07-28 11:36:23.494262  Datos: {
  "stat": {
    "time": "2025-07-28 09:36:23 GMT",
    "rxnb": 0,
    "rxok": 0,
    "rxfw": 0,
    "ackr": 100.0,
    "dwnb": 0,
    "txnb": 0,
    "temp": -0.0
  }
}
2025-07-28 11:36:23,494 - INFO - 2025-07-28 11:36:23.494550  PUSH_ACK enviado
2025-07-28 11:36:53,488 - INFO - 2025-07-28 11:36:53.488495  PUSH_DATA recibido del gateway: 8CF319FFFE10DEF9
2025-07-28 11:36:53,488 - INFO - 2025-07-28 11:36:53.488625  Datos: {
  "stat": {
    "time": "2025-07-28 09:36:53 GMT",
    "rxnb": 0,
    "rxok": 0,
    "rxfw": 0,
    "ackr": 100.0,
    "dwnb": 0,
    "txnb": 0,
    "temp": -0.0
  }
}
2025-07-28 11:36:53,488 - INFO - 2025-07-28 11:36:53.488773  PUSH_ACK enviado
2025-07-28 11:37:16,954 - INFO - 2025-07-28 11:37:16.954808  PUSH_DATA recibido del gateway: 8CF319FFFE10DEF9
2025-07-28 11:37:16,955 - INFO - 2025-07-28 11:37:16.955051  Datos: {
  "rxpk": [
    {
      "jver": 1,
      "tmst": 2574526629,
      "chan": 6,
      "rfch": 0,
      "freq": 867.7,
      "mid": 0,
      "stat": 1,
      "modu": "LORA",
      "datr": "SF11BW125",
      "codr": "4/5",
      "rssis": -137,
      "lsnr": -19.8,
      "foff": 424,
      "rssi": -119,
      "size": 15,
      "data": "QOd2BOCAPQEC29MU5NkC"
    }
  ]
}
2025-07-28 11:37:16,955 - INFO - 2025-07-28 11:37:16.955396  
--- Nuevo mensaje uplink ---
2025-07-28 11:37:16,955 - INFO - 2025-07-28 11:37:16.955521  Timestamp: 11:37:16
2025-07-28 11:37:16,955 - INFO - 2025-07-28 11:37:16.955655  Frecuencia: 867.7 MHz
2025-07-28 11:37:16,955 - INFO - 2025-07-28 11:37:16.955761  RSSI: -119 dBm
2025-07-28 11:37:16,955 - INFO - 2025-07-28 11:37:16.955868  SNR: -19.8 dB
2025-07-28 11:37:16,956 - INFO - 2025-07-28 11:37:16.956040  Data Rate: SF11BW125
2025-07-28 11:37:16,956 - INFO - 2025-07-28 11:37:16.956119  Payload: 40E77604E0803D0102DBD314E4D902
2025-07-28 11:37:16,956 - INFO - 2025-07-28 11:37:16.956193  MHDR: 0x40
2025-07-28 11:37:16,956 - INFO - 2025-07-28 11:37:16.956267  Tipo de mensaje: 2
2025-07-28 11:37:16,956 - INFO - 2025-07-28 11:37:16.956333  📥 Procesando Unconfirmed Data Up
2025-07-28 11:37:16,956 - INFO - 2025-07-28 11:37:16.956410  📊 Unconfirmed Data Up:
2025-07-28 11:37:16,956 - INFO - 2025-07-28 11:37:16.956483    DevAddr: E00476E7
2025-07-28 11:37:16,956 - INFO - 2025-07-28 11:37:16.956546    FCtrl: 0x80
2025-07-28 11:37:16,956 - INFO - 2025-07-28 11:37:16.956610    FCnt: 317
2025-07-28 11:37:16,956 - INFO - 2025-07-28 11:37:16.956676  ❌ No hay sesión para el dispositivo: E00476E7
2025-07-28 11:37:16,956 - INFO - 2025-07-28 11:37:16.956741     Sesiones disponibles: []
2025-07-28 11:37:16,956 - INFO - 2025-07-28 11:37:16.956854  PUSH_ACK enviado
2025-07-28 11:37:23,495 - INFO - 2025-07-28 11:37:23.495865  PUSH_DATA recibido del gateway: 8CF319FFFE10DEF9
2025-07-28 11:37:23,496 - INFO - 2025-07-28 11:37:23.496087  Datos: {
  "stat": {
    "time": "2025-07-28 09:37:23 GMT",
    "rxnb": 1,
    "rxok": 1,
    "rxfw": 1,
    "ackr": 100.0,
    "dwnb": 0,
    "txnb": 0,
    "temp": -0.0
  }
}
2025-07-28 11:37:23,503 - INFO - 2025-07-28 11:37:23.503316  PUSH_ACK enviado
2025-07-28 11:37:53,491 - INFO - 2025-07-28 11:37:53.491853  PUSH_DATA recibido del gateway: 8CF319FFFE10DEF9
2025-07-28 11:37:53,492 - INFO - 2025-07-28 11:37:53.492076  Datos: {
  "stat": {
    "time": "2025-07-28 09:37:53 GMT",
    "rxnb": 0,
    "rxok": 0,
    "rxfw": 0,
    "ackr": 100.0,
    "dwnb": 0,
    "txnb": 0,
    "temp": -0.0
  }
}
2025-07-28 11:37:53,492 - INFO - 2025-07-28 11:37:53.492449  PUSH_ACK enviado
2025-07-28 11:38:23,497 - INFO - 2025-07-28 11:38:23.497345  PUSH_DATA recibido del gateway: 8CF319FFFE10DEF9
2025-07-28 11:38:23,497 - INFO - 2025-07-28 11:38:23.497562  Datos: {
  "stat": {
    "time": "2025-07-28 09:38:23 GMT",
    "rxnb": 0,
    "rxok": 0,
    "rxfw": 0,
    "ackr": 100.0,
    "dwnb": 0,
    "txnb": 0,
    "temp": -0.0
  }
}
2025-07-28 11:38:23,497 - INFO - 2025-07-28 11:38:23.497688  PUSH_ACK enviado
2025-07-28 11:38:53,504 - INFO - 2025-07-28 11:38:53.503952  PUSH_DATA recibido del gateway: 8CF319FFFE10DEF9
2025-07-28 11:38:53,504 - INFO - 2025-07-28 11:38:53.504232  Datos: {
  "stat": {
    "time": "2025-07-28 09:38:53 GMT",
    "rxnb": 0,
    "rxok": 0,
    "rxfw": 0,
    "ackr": 100.0,
    "dwnb": 0,
    "txnb": 0,
    "temp": -0.0
  }
}
2025-07-28 11:38:53,504 - INFO - 2025-07-28 11:38:53.504535  PUSH_ACK enviado
2025-07-28 11:39:23,497 - INFO - 2025-07-28 11:39:23.497232  PUSH_DATA recibido del gateway: 8CF319FFFE10DEF9
2025-07-28 11:39:23,497 - INFO - 2025-07-28 11:39:23.497487  Datos: {
  "stat": {
    "time": "2025-07-28 09:39:23 GMT",
    "rxnb": 0,
    "rxok": 0,
    "rxfw": 0,
    "ackr": 100.0,
    "dwnb": 0,
    "txnb": 0,
    "temp": -0.0
  }
}
2025-07-28 11:39:23,497 - INFO - 2025-07-28 11:39:23.497760  PUSH_ACK enviado
2025-07-28 11:39:53,505 - INFO - 2025-07-28 11:39:53.505773  PUSH_DATA recibido del gateway: 8CF319FFFE10DEF9
2025-07-28 11:39:53,506 - INFO - 2025-07-28 11:39:53.506011  Datos: {
  "stat": {
    "time": "2025-07-28 09:39:53 GMT",
    "rxnb": 0,
    "rxok": 0,
    "rxfw": 0,
    "ackr": 100.0,
    "dwnb": 0,
    "txnb": 0,
    "temp": -0.0
  }
}
2025-07-28 11:39:53,506 - INFO - 2025-07-28 11:39:53.506145  PUSH_ACK enviado
2025-07-28 11:40:23,508 - INFO - 2025-07-28 11:40:23.508435  PUSH_DATA recibido del gateway: 8CF319FFFE10DEF9
2025-07-28 11:40:23,508 - INFO - 2025-07-28 11:40:23.508674  Datos: {
  "stat": {
    "time": "2025-07-28 09:40:23 GMT",
    "rxnb": 0,
    "rxok": 0,
    "rxfw": 0,
    "ackr": 100.0,
    "dwnb": 0,
    "txnb": 0,
    "temp": -0.0
  }
}
2025-07-28 11:40:23,508 - INFO - 2025-07-28 11:40:23.508951  PUSH_ACK enviado
2025-07-28 11:40:26,660 - INFO - 2025-07-28 11:40:26.660880  PUSH_DATA recibido del gateway: 8CF319FFFE10DEF9
2025-07-28 11:40:26,661 - INFO - 2025-07-28 11:40:26.661113  Datos: {
  "rxpk": [
    {
      "jver": 1,
      "tmst": 2764234350,
      "chan": 0,
      "rfch": 1,
      "freq": 868.1,
      "mid": 0,
      "stat": 1,
      "modu": "LORA",
      "datr": "SF12BW125",
      "codr": "4/5",
      "rssis": -78,
      "lsnr": 9.0,
      "foff": -2394,
      "rssi": -77,
      "size": 23,
      "data": "AAAAAAAgV/mMXDwTACBX+YxA7uLkBAI="
    }
  ]
}
2025-07-28 11:40:26,661 - INFO - 2025-07-28 11:40:26.661416  
--- Nuevo mensaje uplink ---
2025-07-28 11:40:26,661 - INFO - 2025-07-28 11:40:26.661525  Timestamp: 11:40:26
2025-07-28 11:40:26,661 - INFO - 2025-07-28 11:40:26.661639  Frecuencia: 868.1 MHz
2025-07-28 11:40:26,661 - INFO - 2025-07-28 11:40:26.661721  RSSI: -77 dBm
2025-07-28 11:40:26,661 - INFO - 2025-07-28 11:40:26.661813  SNR: 9.0 dB
2025-07-28 11:40:26,661 - INFO - 2025-07-28 11:40:26.661892  Data Rate: SF12BW125
2025-07-28 11:40:26,661 - INFO - 2025-07-28 11:40:26.661976  Payload: 00000000002057F98C5C3C13002057F98C40EEE2E40402
2025-07-28 11:40:26,662 - INFO - 2025-07-28 11:40:26.662059  MHDR: 0x00
2025-07-28 11:40:26,662 - INFO - 2025-07-28 11:40:26.662129  Tipo de mensaje: 0
2025-07-28 11:40:26,662 - INFO - 2025-07-28 11:40:26.662214  📥 Procesando Join Request
2025-07-28 11:40:26,662 - INFO - 2025-07-28 11:40:26.662313  Join Request recibido:
2025-07-28 11:40:26,662 - INFO - 2025-07-28 11:40:26.662386    DEV_EUI: 8CF9572000133C5C
2025-07-28 11:40:26,662 - INFO - 2025-07-28 11:40:26.662457    JOIN_EUI: 8CF9572000000000
2025-07-28 11:40:26,662 - INFO - 2025-07-28 11:40:26.662523    DevNonce: 40EE
2025-07-28 11:40:26,662 - INFO - 2025-07-28 11:40:26.662588    MIC: E2E40402
2025-07-28 11:40:26,662 - INFO - 2025-07-28 11:40:26.662672  ✓ Dispositivo autorizado, generando Join Accept
2025-07-28 11:40:26,726 - INFO - 2025-07-28 11:40:26.726517  Sesión creada para dispositivo: 823C80A6
2025-07-28 11:40:26,726 - INFO - 2025-07-28 11:40:26.726636  AppNonce: 7EA128
2025-07-28 11:40:26,726 - INFO - 2025-07-28 11:40:26.726704  DevAddr: 823C80A6
2025-07-28 11:40:26,726 - INFO - 2025-07-28 11:40:26.726739  Join Accept creado: 205EF9C75A79A31C819E756BB472D7BAF3
2025-07-28 11:40:26,726 - INFO - 2025-07-28 11:40:26.726914  Join Accept enviado: 205EF9C75A79A31C819E756BB472D7BAF3
2025-07-28 11:40:26,727 - INFO - 2025-07-28 11:40:26.726999  PUSH_ACK enviado
2025-07-28 11:40:34,133 - INFO - 2025-07-28 11:40:34.133014  PUSH_DATA recibido del gateway: 8CF319FFFE10DEF9
2025-07-28 11:40:34,133 - INFO - 2025-07-28 11:40:34.133271  Datos: {
  "rxpk": [
    {
      "jver": 1,
      "tmst": 2771713894,
      "chan": 2,
      "rfch": 1,
      "freq": 868.5,
      "mid": 0,
      "stat": 1,
      "modu": "LORA",
      "datr": "SF11BW125",
      "codr": "4/5",
      "rssis": -78,
      "lsnr": 8.0,
      "foff": -2385,
      "rssi": -77,
      "size": 23,
      "data": "AAAAAAAgV/mMXDwTACBX+Yw32t1BPig="
    }
  ]
}
2025-07-28 11:40:34,133 - INFO - 2025-07-28 11:40:34.133576  
--- Nuevo mensaje uplink ---
2025-07-28 11:40:34,133 - INFO - 2025-07-28 11:40:34.133727  Timestamp: 11:40:34
2025-07-28 11:40:34,133 - INFO - 2025-07-28 11:40:34.133866  Frecuencia: 868.5 MHz
2025-07-28 11:40:34,133 - INFO - 2025-07-28 11:40:34.133948  RSSI: -77 dBm
2025-07-28 11:40:34,134 - INFO - 2025-07-28 11:40:34.134060  SNR: 8.0 dB
2025-07-28 11:40:34,134 - INFO - 2025-07-28 11:40:34.134160  Data Rate: SF11BW125
2025-07-28 11:40:34,134 - INFO - 2025-07-28 11:40:34.134249  Payload: 00000000002057F98C5C3C13002057F98C37DADD413E28
2025-07-28 11:40:34,134 - INFO - 2025-07-28 11:40:34.134340  MHDR: 0x00
2025-07-28 11:40:34,134 - INFO - 2025-07-28 11:40:34.134438  Tipo de mensaje: 0
2025-07-28 11:40:34,134 - INFO - 2025-07-28 11:40:34.134521  📥 Procesando Join Request
2025-07-28 11:40:34,134 - INFO - 2025-07-28 11:40:34.134643  Join Request recibido:
2025-07-28 11:40:34,134 - INFO - 2025-07-28 11:40:34.134732    DEV_EUI: 8CF9572000133C5C
2025-07-28 11:40:34,134 - INFO - 2025-07-28 11:40:34.134818    JOIN_EUI: 8CF9572000000000
2025-07-28 11:40:34,134 - INFO - 2025-07-28 11:40:34.134902    DevNonce: 37DA
2025-07-28 11:40:34,135 - INFO - 2025-07-28 11:40:34.135004    MIC: DD413E28
2025-07-28 11:40:34,135 - INFO - 2025-07-28 11:40:34.135102  ✓ Dispositivo autorizado, generando Join Accept
2025-07-28 11:40:34,135 - INFO - 2025-07-28 11:40:34.135552  Sesión creada para dispositivo: 07603171
2025-07-28 11:40:34,135 - INFO - 2025-07-28 11:40:34.135714  AppNonce: AA895F
2025-07-28 11:40:34,135 - INFO - 2025-07-28 11:40:34.135812  DevAddr: 07603171
2025-07-28 11:40:34,135 - INFO - 2025-07-28 11:40:34.135896  Join Accept creado: 20923A77DDF8E730A03E1A84DF750D12ED
2025-07-28 11:40:34,136 - INFO - 2025-07-28 11:40:34.136073  Join Accept enviado: 20923A77DDF8E730A03E1A84DF750D12ED
2025-07-28 11:40:34,136 - INFO - 2025-07-28 11:40:34.136252  PUSH_ACK enviado
2025-07-28 11:40:53,506 - INFO - 2025-07-28 11:40:53.506176  PUSH_DATA recibido del gateway: 8CF319FFFE10DEF9
2025-07-28 11:40:53,506 - INFO - 2025-07-28 11:40:53.506433  Datos: {
  "stat": {
    "time": "2025-07-28 09:40:53 GMT",
    "rxnb": 2,
    "rxok": 2,
    "rxfw": 2,
    "ackr": 100.0,
    "dwnb": 2,
    "txnb": 2,
    "temp": -0.0
  }
}
2025-07-28 11:40:53,506 - INFO - 2025-07-28 11:40:53.506667  PUSH_ACK enviado
2025-07-28 11:41:21,603 - INFO - 2025-07-28 11:41:21.603442  PUSH_DATA recibido del gateway: 8CF319FFFE10DEF9
2025-07-28 11:41:21,603 - INFO - 2025-07-28 11:41:21.603700  Datos: {
  "rxpk": [
    {
      "jver": 1,
      "tmst": 2819174305,
      "chan": 2,
      "rfch": 1,
      "freq": 868.5,
      "mid": 0,
      "stat": 1,
      "modu": "LORA",
      "datr": "SF12BW125",
      "codr": "4/5",
      "rssis": -78,
      "lsnr": 7.5,
      "foff": -2357,
      "rssi": -78,
      "size": 23,
      "data": "AAAAAAAgV/mMXDwTACBX+YyhzEIYu9c="
    }
  ]
}
2025-07-28 11:41:21,604 - INFO - 2025-07-28 11:41:21.603997  
--- Nuevo mensaje uplink ---
2025-07-28 11:41:21,604 - INFO - 2025-07-28 11:41:21.604141  Timestamp: 11:41:21
2025-07-28 11:41:21,604 - INFO - 2025-07-28 11:41:21.604306  Frecuencia: 868.5 MHz
2025-07-28 11:41:21,604 - INFO - 2025-07-28 11:41:21.604395  RSSI: -78 dBm
2025-07-28 11:41:21,604 - INFO - 2025-07-28 11:41:21.604474  SNR: 7.5 dB
2025-07-28 11:41:21,604 - INFO - 2025-07-28 11:41:21.604544  Data Rate: SF12BW125
2025-07-28 11:41:21,604 - INFO - 2025-07-28 11:41:21.604624  Payload: 00000000002057F98C5C3C13002057F98CA1CC4218BBD7
2025-07-28 11:41:21,604 - INFO - 2025-07-28 11:41:21.604716  MHDR: 0x00
2025-07-28 11:41:21,604 - INFO - 2025-07-28 11:41:21.604820  Tipo de mensaje: 0
2025-07-28 11:41:21,604 - INFO - 2025-07-28 11:41:21.604908  📥 Procesando Join Request
2025-07-28 11:41:21,605 - INFO - 2025-07-28 11:41:21.605032  Join Request recibido:
2025-07-28 11:41:21,605 - INFO - 2025-07-28 11:41:21.605121    DEV_EUI: 8CF9572000133C5C
2025-07-28 11:41:21,605 - INFO - 2025-07-28 11:41:21.605211    JOIN_EUI: 8CF9572000000000
2025-07-28 11:41:21,605 - INFO - 2025-07-28 11:41:21.605295    DevNonce: A1CC
2025-07-28 11:41:21,605 - INFO - 2025-07-28 11:41:21.605382    MIC: 4218BBD7
2025-07-28 11:41:21,605 - INFO - 2025-07-28 11:41:21.605471  ✓ Dispositivo autorizado, generando Join Accept
2025-07-28 11:41:21,605 - INFO - 2025-07-28 11:41:21.605957  Sesión creada para dispositivo: 510D716D
2025-07-28 11:41:21,606 - INFO - 2025-07-28 11:41:21.606113  AppNonce: 539AA1
2025-07-28 11:41:21,606 - INFO - 2025-07-28 11:41:21.606213  DevAddr: 510D716D
2025-07-28 11:41:21,606 - INFO - 2025-07-28 11:41:21.606308  Join Accept creado: 20676673E554F3D3174559B0762A2C978C
2025-07-28 11:41:21,606 - INFO - 2025-07-28 11:41:21.606490  Join Accept enviado: 20676673E554F3D3174559B0762A2C978C
2025-07-28 11:41:21,606 - INFO - 2025-07-28 11:41:21.606626  PUSH_ACK enviado
2025-07-28 11:41:23,514 - INFO - 2025-07-28 11:41:23.514274  PUSH_DATA recibido del gateway: 8CF319FFFE10DEF9
2025-07-28 11:41:23,514 - INFO - 2025-07-28 11:41:23.514568  Datos: {
  "stat": {
    "time": "2025-07-28 09:41:23 GMT",
    "rxnb": 1,
    "rxok": 1,
    "rxfw": 1,
    "ackr": 100.0,
    "dwnb": 1,
    "txnb": 0,
    "temp": -0.0
  }
}
2025-07-28 11:41:23,514 - INFO - 2025-07-28 11:41:23.514880  PUSH_ACK enviado
2025-07-28 11:41:53,514 - INFO - 2025-07-28 11:41:53.514777  PUSH_DATA recibido del gateway: 8CF319FFFE10DEF9
2025-07-28 11:41:53,515 - INFO - 2025-07-28 11:41:53.514997  Datos: {
  "stat": {
    "time": "2025-07-28 09:41:53 GMT",
    "rxnb": 0,
    "rxok": 0,
    "rxfw": 0,
    "ackr": 100.0,
    "dwnb": 0,
    "txnb": 1,
    "temp": -0.0
  }
}
2025-07-28 11:41:53,515 - INFO - 2025-07-28 11:41:53.515292  PUSH_ACK enviado
2025-07-28 11:42:23,516 - INFO - 2025-07-28 11:42:23.515992  PUSH_DATA recibido del gateway: 8CF319FFFE10DEF9
2025-07-28 11:42:23,516 - INFO - 2025-07-28 11:42:23.516259  Datos: {
  "stat": {
    "time": "2025-07-28 09:42:23 GMT",
    "rxnb": 1,
    "rxok": 0,
    "rxfw": 0,
    "ackr": 100.0,
    "dwnb": 0,
    "txnb": 0,
    "temp": -0.0
  }
}
2025-07-28 11:42:23,516 - INFO - 2025-07-28 11:42:23.516568  PUSH_ACK enviado
2025-07-28 11:42:53,518 - INFO - 2025-07-28 11:42:53.518637  PUSH_DATA recibido del gateway: 8CF319FFFE10DEF9
2025-07-28 11:42:53,519 - INFO - 2025-07-28 11:42:53.518896  Datos: {
  "stat": {
    "time": "2025-07-28 09:42:53 GMT",
    "rxnb": 1,
    "rxok": 0,
    "rxfw": 0,
    "ackr": 100.0,
    "dwnb": 0,
    "txnb": 0,
    "temp": -0.0
  }
}
2025-07-28 11:42:53,519 - INFO - 2025-07-28 11:42:53.519228  PUSH_ACK enviado
2025-07-28 11:43:23,512 - INFO - 2025-07-28 11:43:23.512595  PUSH_DATA recibido del gateway: 8CF319FFFE10DEF9
2025-07-28 11:43:23,512 - INFO - 2025-07-28 11:43:23.512808  Datos: {
  "stat": {
    "time": "2025-07-28 09:43:23 GMT",
    "rxnb": 0,
    "rxok": 0,
    "rxfw": 0,
    "ackr": 100.0,
    "dwnb": 0,
    "txnb": 0,
    "temp": -0.0
  }
}
2025-07-28 11:43:23,513 - INFO - 2025-07-28 11:43:23.513061  PUSH_ACK enviado
2025-07-28 11:43:53,516 - INFO - 2025-07-28 11:43:53.516055  PUSH_DATA recibido del gateway: 8CF319FFFE10DEF9
2025-07-28 11:43:53,516 - INFO - 2025-07-28 11:43:53.516230  Datos: {
  "stat": {
    "time": "2025-07-28 09:43:53 GMT",
    "rxnb": 0,
    "rxok": 0,
    "rxfw": 0,
    "ackr": 100.0,
    "dwnb": 0,
    "txnb": 0,
    "temp": -0.0
  }
}
2025-07-28 11:43:53,516 - INFO - 2025-07-28 11:43:53.516375  PUSH_ACK enviado
2025-07-28 11:44:23,522 - INFO - 2025-07-28 11:44:23.522639  PUSH_DATA recibido del gateway: 8CF319FFFE10DEF9
2025-07-28 11:44:23,522 - INFO - 2025-07-28 11:44:23.522892  Datos: {
  "stat": {
    "time": "2025-07-28 09:44:23 GMT",
    "rxnb": 0,
    "rxok": 0,
    "rxfw": 0,
    "ackr": 100.0,
    "dwnb": 0,
    "txnb": 0,
    "temp": -0.0
  }
}
2025-07-28 11:44:23,523 - INFO - 2025-07-28 11:44:23.523183  PUSH_ACK enviado
2025-07-28 11:44:53,520 - INFO - 2025-07-28 11:44:53.520619  PUSH_DATA recibido del gateway: 8CF319FFFE10DEF9
2025-07-28 11:44:53,521 - INFO - 2025-07-28 11:44:53.520882  Datos: {
  "stat": {
    "time": "2025-07-28 09:44:53 GMT",
    "rxnb": 0,
    "rxok": 0,
    "rxfw": 0,
    "ackr": 100.0,
    "dwnb": 0,
    "txnb": 0,
    "temp": -0.0
  }
}
2025-07-28 11:44:53,521 - INFO - 2025-07-28 11:44:53.521163  PUSH_ACK enviado
2025-07-28 11:45:23,528 - INFO - 2025-07-28 11:45:23.528305  PUSH_DATA recibido del gateway: 8CF319FFFE10DEF9
2025-07-28 11:45:23,528 - INFO - 2025-07-28 11:45:23.528554  Datos: {
  "stat": {
    "time": "2025-07-28 09:45:23 GMT",
    "rxnb": 1,
    "rxok": 0,
    "rxfw": 0,
    "ackr": 100.0,
    "dwnb": 0,
    "txnb": 0,
    "temp": -0.0
  }
}
2025-07-28 11:45:23,528 - INFO - 2025-07-28 11:45:23.528886  PUSH_ACK enviado
2025-07-28 11:45:53,523 - INFO - 2025-07-28 11:45:53.523509  PUSH_DATA recibido del gateway: 8CF319FFFE10DEF9
2025-07-28 11:45:53,524 - INFO - 2025-07-28 11:45:53.523776  Datos: {
  "stat": {
    "time": "2025-07-28 09:45:53 GMT",
    "rxnb": 0,
    "rxok": 0,
    "rxfw": 0,
    "ackr": 100.0,
    "dwnb": 0,
    "txnb": 0,
    "temp": -0.0
  }
}
2025-07-28 11:45:53,524 - INFO - 2025-07-28 11:45:53.524212  PUSH_ACK enviado
2025-07-28 11:46:23,528 - INFO - 2025-07-28 11:46:23.528846  PUSH_DATA recibido del gateway: 8CF319FFFE10DEF9
2025-07-28 11:46:23,529 - INFO - 2025-07-28 11:46:23.529127  Datos: {
  "stat": {
    "time": "2025-07-28 09:46:23 GMT",
    "rxnb": 0,
    "rxok": 0,
    "rxfw": 0,
    "ackr": 100.0,
    "dwnb": 0,
    "txnb": 0,
    "temp": -0.0
  }
}
2025-07-28 11:46:23,529 - INFO - 2025-07-28 11:46:23.529455  PUSH_ACK enviado
2025-07-28 11:46:53,530 - INFO - 2025-07-28 11:46:53.530716  PUSH_DATA recibido del gateway: 8CF319FFFE10DEF9
2025-07-28 11:46:53,531 - INFO - 2025-07-28 11:46:53.530979  Datos: {
  "stat": {
    "time": "2025-07-28 09:46:53 GMT",
    "rxnb": 0,
    "rxok": 0,
    "rxfw": 0,
    "ackr": 100.0,
    "dwnb": 0,
    "txnb": 0,
    "temp": -0.0
  }
}
2025-07-28 11:46:53,531 - INFO - 2025-07-28 11:46:53.531198  PUSH_ACK enviado
2025-07-28 11:47:23,535 - INFO - 2025-07-28 11:47:23.535773  PUSH_DATA recibido del gateway: 8CF319FFFE10DEF9
2025-07-28 11:47:23,536 - INFO - 2025-07-28 11:47:23.536030  Datos: {
  "stat": {
    "time": "2025-07-28 09:47:23 GMT",
    "rxnb": 0,
    "rxok": 0,
    "rxfw": 0,
    "ackr": 100.0,
    "dwnb": 0,
    "txnb": 0,
    "temp": -0.0
  }
}
2025-07-28 11:47:23,536 - INFO - 2025-07-28 11:47:23.536312  PUSH_ACK enviado
2025-07-28 11:47:53,538 - INFO - 2025-07-28 11:47:53.538057  PUSH_DATA recibido del gateway: 8CF319FFFE10DEF9
2025-07-28 11:47:53,538 - INFO - 2025-07-28 11:47:53.538412  Datos: {
  "stat": {
    "time": "2025-07-28 09:47:53 GMT",
    "rxnb": 0,
    "rxok": 0,
    "rxfw": 0,
    "ackr": 100.0,
    "dwnb": 0,
    "txnb": 0,
    "temp": -0.0
  }
}
2025-07-28 11:47:53,538 - INFO - 2025-07-28 11:47:53.538818  PUSH_ACK enviado
2025-07-28 11:48:23,540 - INFO - 2025-07-28 11:48:23.540531  PUSH_DATA recibido del gateway: 8CF319FFFE10DEF9
2025-07-28 11:48:23,540 - INFO - 2025-07-28 11:48:23.540800  Datos: {
  "stat": {
    "time": "2025-07-28 09:48:23 GMT",
    "rxnb": 0,
    "rxok": 0,
    "rxfw": 0,
    "ackr": 100.0,
    "dwnb": 0,
    "txnb": 0,
    "temp": -0.0
  }
}
2025-07-28 11:48:23,541 - INFO - 2025-07-28 11:48:23.541096  PUSH_ACK enviado
2025-07-28 11:48:53,540 - INFO - 2025-07-28 11:48:53.540929  PUSH_DATA recibido del gateway: 8CF319FFFE10DEF9
2025-07-28 11:48:53,541 - INFO - 2025-07-28 11:48:53.541169  Datos: {
  "stat": {
    "time": "2025-07-28 09:48:53 GMT",
    "rxnb": 0,
    "rxok": 0,
    "rxfw": 0,
    "ackr": 100.0,
    "dwnb": 0,
    "txnb": 0,
    "temp": -0.0
  }
}
2025-07-28 11:48:53,541 - INFO - 2025-07-28 11:48:53.541426  PUSH_ACK enviado
2025-07-28 11:49:23,547 - INFO - 2025-07-28 11:49:23.547412  PUSH_DATA recibido del gateway: 8CF319FFFE10DEF9
2025-07-28 11:49:23,547 - INFO - 2025-07-28 11:49:23.547608  Datos: {
  "stat": {
    "time": "2025-07-28 09:49:23 GMT",
    "rxnb": 0,
    "rxok": 0,
    "rxfw": 0,
    "ackr": 100.0,
    "dwnb": 0,
    "txnb": 0,
    "temp": -0.0
  }
}
2025-07-28 11:49:23,547 - INFO - 2025-07-28 11:49:23.547803  PUSH_ACK enviado
2025-07-28 11:49:53,540 - INFO - 2025-07-28 11:49:53.540493  PUSH_DATA recibido del gateway: 8CF319FFFE10DEF9
2025-07-28 11:49:53,540 - INFO - 2025-07-28 11:49:53.540770  Datos: {
  "stat": {
    "time": "2025-07-28 09:49:53 GMT",
    "rxnb": 0,
    "rxok": 0,
    "rxfw": 0,
    "ackr": 100.0,
    "dwnb": 0,
    "txnb": 0,
    "temp": -0.0
  }
}
2025-07-28 11:49:53,540 - INFO - 2025-07-28 11:49:53.540983  PUSH_ACK enviado
2025-07-28 11:50:15,414 - INFO - 2025-07-28 11:50:15.414147  
Deteniendo servidor...
