2025-07-28 11:54:08,613 - INFO - Situación del log en lorawan_gateway_server_04.py
2025-07-28 11:54:08,613 - INFO - 2025-07-28 11:54:08.613318  Servidor LoRaWAN iniciado en 0.0.0.0:1700
2025-07-28 11:54:08,613 - INFO - 2025-07-28 11:54:08.613412  ━━━━━━━━━━━━━━━━━━━━━━━━━━━━━━━━━━━━━━━━━━━━━━━━━━━━
2025-07-28 11:54:08,613 - INFO - 2025-07-28 11:54:08.613467  📡 Gateway ID esperado: AA555A0000000000
2025-07-28 11:54:08,613 - INFO - 2025-07-28 11:54:08.613505  🔧 Configuración del dispositivo:
2025-07-28 11:54:08,613 - INFO - 2025-07-28 11:54:08.613538     Device EUI:  8CF9572000133C5C
2025-07-28 11:54:08,613 - INFO - 2025-07-28 11:54:08.613571     Join EUI:    8CF9572000000000
2025-07-28 11:54:08,613 - INFO - 2025-07-28 11:54:08.613601     App Key:     2B7E151628AED2A6ABF7158809CF4F3C
2025-07-28 11:54:08,613 - INFO - 2025-07-28 11:54:08.613632  📤 Payload downlink: 80029999010181
2025-07-28 11:54:08,613 - INFO - 2025-07-28 11:54:08.613664  ━━━━━━━━━━━━━━━━━━━━━━━━━━━━━━━━━━━━━━━━━━━━━━━━━━━━
2025-07-28 11:54:08,613 - INFO - 2025-07-28 11:54:08.613698  ⏳ Esperando conexión del gateway...
2025-07-28 11:54:08,613 - INFO - 2025-07-28 11:54:08.613733  Servidor ejecutándose... Presiona Ctrl+C para detener
2025-07-28 11:54:17,614 - INFO - 2025-07-28 11:54:17.614059  🔗 Gateway conectado: 8CF319FFFE10DEF9
2025-07-28 11:54:17,614 - INFO - 2025-07-28 11:54:17.614383     IP: 127.0.0.1:54163
2025-07-28 11:54:23,570 - INFO - 2025-07-28 11:54:23.570332  PUSH_DATA recibido del gateway: 8CF319FFFE10DEF9
2025-07-28 11:54:23,570 - INFO - 2025-07-28 11:54:23.570593  Datos: {
  "stat": {
    "time": "2025-07-28 09:54:23 GMT",
    "rxnb": 0,
    "rxok": 0,
    "rxfw": 0,
    "ackr": 0.0,
    "dwnb": 0,
    "txnb": 0,
    "temp": -0.0
  }
}
2025-07-28 11:54:23,570 - INFO - 2025-07-28 11:54:23.570933  PUSH_ACK enviado
2025-07-28 11:54:53,566 - INFO - 2025-07-28 11:54:53.566503  PUSH_DATA recibido del gateway: 8CF319FFFE10DEF9
2025-07-28 11:54:53,566 - INFO - 2025-07-28 11:54:53.566671  Datos: {
  "stat": {
    "time": "2025-07-28 09:54:53 GMT",
    "rxnb": 0,
    "rxok": 0,
    "rxfw": 0,
    "ackr": 100.0,
    "dwnb": 0,
    "txnb": 0,
    "temp": -0.0
  }
}
2025-07-28 11:54:53,566 - INFO - 2025-07-28 11:54:53.566817  PUSH_ACK enviado
2025-07-28 11:55:02,690 - INFO - 2025-07-28 11:55:02.690034  PUSH_DATA recibido del gateway: 8CF319FFFE10DEF9
2025-07-28 11:55:02,690 - INFO - 2025-07-28 11:55:02.690295  Datos: {
  "rxpk": [
    {
      "jver": 1,
      "tmst": 3640265283,
      "chan": 1,
      "rfch": 1,
      "freq": 868.3,
      "mid": 0,
      "stat": 1,
      "modu": "LORA",
      "datr": "SF12BW125",
      "codr": "4/5",
      "rssis": -81,
      "lsnr": 10.8,
      "foff": -2326,
      "rssi": -80,
      "size": 23,
      "data": "AAAAAAAgV/mMXDwTACBX+YyE5+cAnEM="
    }
  ]
}
2025-07-28 11:55:02,690 - INFO - 2025-07-28 11:55:02.690634  
--- Nuevo mensaje uplink ---
2025-07-28 11:55:02,690 - INFO - 2025-07-28 11:55:02.690756  Timestamp: 11:55:02
2025-07-28 11:55:02,690 - INFO - 2025-07-28 11:55:02.690894  Frecuencia: 868.3 MHz
2025-07-28 11:55:02,691 - INFO - 2025-07-28 11:55:02.691015  RSSI: -80 dBm
2025-07-28 11:55:02,691 - INFO - 2025-07-28 11:55:02.691096  SNR: 10.8 dB
2025-07-28 11:55:02,691 - INFO - 2025-07-28 11:55:02.691176  Data Rate: SF12BW125
2025-07-28 11:55:02,691 - INFO - 2025-07-28 11:55:02.691248  Payload: 00000000002057F98C5C3C13002057F98C84E7E7009C43
2025-07-28 11:55:02,691 - INFO - 2025-07-28 11:55:02.691320  MHDR: 0x00
2025-07-28 11:55:02,691 - INFO - 2025-07-28 11:55:02.691411  Tipo de mensaje: 0
2025-07-28 11:55:02,691 - INFO - 2025-07-28 11:55:02.691478  📥 Procesando Join Request
2025-07-28 11:55:02,691 - INFO - 2025-07-28 11:55:02.691562  Join Request recibido:
2025-07-28 11:55:02,691 - INFO - 2025-07-28 11:55:02.691647    DEV_EUI: 8CF9572000133C5C
2025-07-28 11:55:02,691 - INFO - 2025-07-28 11:55:02.691719    JOIN_EUI: 8CF9572000000000
2025-07-28 11:55:02,691 - INFO - 2025-07-28 11:55:02.691806    DevNonce: 84E7
2025-07-28 11:55:02,691 - INFO - 2025-07-28 11:55:02.691878    MIC: E7009C43
2025-07-28 11:55:02,692 - INFO - 2025-07-28 11:55:02.691981  ✓ Dispositivo autorizado, generando Join Accept
2025-07-28 11:55:02,746 - INFO - 2025-07-28 11:55:02.746359  create_join_accept Sesión creada para dispositivo: F9609494
2025-07-28 11:55:02,746 - INFO - 2025-07-28 11:55:02.746530  AppNonce: 329803
2025-07-28 11:55:02,746 - INFO - 2025-07-28 11:55:02.746588  DevAddr: F9609494
2025-07-28 11:55:02,746 - INFO - 2025-07-28 11:55:02.746684  Sesiones disponibles: ['F9609494']
2025-07-28 11:55:02,746 - INFO - 2025-07-28 11:55:02.746728  Join Accept creado: 20F13A802438ECF171FA7126FEE50BDB3E
2025-07-28 11:55:02,746 - INFO - 2025-07-28 11:55:02.746866  Join Accept enviado: 20F13A802438ECF171FA7126FEE50BDB3E
2025-07-28 11:55:02,746 - INFO - 2025-07-28 11:55:02.746946  PUSH_ACK enviado
2025-07-28 11:55:10,167 - INFO - 2025-07-28 11:55:10.167086  PUSH_DATA recibido del gateway: 8CF319FFFE10DEF9
2025-07-28 11:55:10,167 - INFO - 2025-07-28 11:55:10.167333  Datos: {
  "rxpk": [
    {
      "jver": 1,
      "tmst": 3647745799,
      "chan": 0,
      "rfch": 1,
      "freq": 868.1,
      "mid": 0,
      "stat": 1,
      "modu": "LORA",
      "datr": "SF11BW125",
      "codr": "4/5",
      "rssis": -82,
      "lsnr": 10.5,
      "foff": -2350,
      "rssi": -81,
      "size": 23,
      "data": "AAAAAAAgV/mMXDwTACBX+YyWYF8bH8I="
    }
  ]
}
2025-07-28 11:55:10,167 - INFO - 2025-07-28 11:55:10.167613  
--- Nuevo mensaje uplink ---
2025-07-28 11:55:10,167 - INFO - 2025-07-28 11:55:10.167734  Timestamp: 11:55:10
2025-07-28 11:55:10,167 - INFO - 2025-07-28 11:55:10.167881  Frecuencia: 868.1 MHz
2025-07-28 11:55:10,168 - INFO - 2025-07-28 11:55:10.167990  RSSI: -81 dBm
2025-07-28 11:55:10,168 - INFO - 2025-07-28 11:55:10.168073  SNR: 10.5 dB
2025-07-28 11:55:10,168 - INFO - 2025-07-28 11:55:10.168151  Data Rate: SF11BW125
2025-07-28 11:55:10,168 - INFO - 2025-07-28 11:55:10.168238  Payload: 00000000002057F98C5C3C13002057F98C96605F1B1FC2
2025-07-28 11:55:10,168 - INFO - 2025-07-28 11:55:10.168324  MHDR: 0x00
2025-07-28 11:55:10,168 - INFO - 2025-07-28 11:55:10.168406  Tipo de mensaje: 0
2025-07-28 11:55:10,168 - INFO - 2025-07-28 11:55:10.168487  📥 Procesando Join Request
2025-07-28 11:55:10,168 - INFO - 2025-07-28 11:55:10.168600  Join Request recibido:
2025-07-28 11:55:10,168 - INFO - 2025-07-28 11:55:10.168686    DEV_EUI: 8CF9572000133C5C
2025-07-28 11:55:10,168 - INFO - 2025-07-28 11:55:10.168771    JOIN_EUI: 8CF9572000000000
2025-07-28 11:55:10,168 - INFO - 2025-07-28 11:55:10.168852    DevNonce: 9660
2025-07-28 11:55:10,168 - INFO - 2025-07-28 11:55:10.168940    MIC: 5F1B1FC2
2025-07-28 11:55:10,169 - INFO - 2025-07-28 11:55:10.169022  ✓ Dispositivo autorizado, generando Join Accept
2025-07-28 11:55:10,169 - INFO - 2025-07-28 11:55:10.169493  create_join_accept Sesión creada para dispositivo: 1F10A7E2
2025-07-28 11:55:10,169 - INFO - 2025-07-28 11:55:10.169639  AppNonce: D513D7
2025-07-28 11:55:10,169 - INFO - 2025-07-28 11:55:10.169732  DevAddr: 1F10A7E2
2025-07-28 11:55:10,169 - INFO - 2025-07-28 11:55:10.169841  Sesiones disponibles: ['F9609494', '1F10A7E2']
2025-07-28 11:55:10,169 - INFO - 2025-07-28 11:55:10.169938  Join Accept creado: 20A948856A8071DB939268DC3B14D42E3E
2025-07-28 11:55:10,170 - INFO - 2025-07-28 11:55:10.170110  Join Accept enviado: 20A948856A8071DB939268DC3B14D42E3E
2025-07-28 11:55:10,170 - INFO - 2025-07-28 11:55:10.170253  PUSH_ACK enviado
2025-07-28 11:55:23,566 - INFO - 2025-07-28 11:55:23.566078  PUSH_DATA recibido del gateway: 8CF319FFFE10DEF9
2025-07-28 11:55:23,566 - INFO - 2025-07-28 11:55:23.566357  Datos: {
  "stat": {
    "time": "2025-07-28 09:55:23 GMT",
    "rxnb": 2,
    "rxok": 2,
    "rxfw": 2,
    "ackr": 100.0,
    "dwnb": 2,
    "txnb": 2,
    "temp": -0.0
  }
}
2025-07-28 11:55:23,566 - INFO - 2025-07-28 11:55:23.566628  PUSH_ACK enviado
2025-07-28 11:55:53,571 - INFO - 2025-07-28 11:55:53.571283  PUSH_DATA recibido del gateway: 8CF319FFFE10DEF9
2025-07-28 11:55:53,571 - INFO - 2025-07-28 11:55:53.571662  Datos: {
  "stat": {
    "time": "2025-07-28 09:55:53 GMT",
    "rxnb": 0,
    "rxok": 0,
    "rxfw": 0,
    "ackr": 100.0,
    "dwnb": 0,
    "txnb": 0,
    "temp": -0.0
  }
}
2025-07-28 11:55:53,572 - INFO - 2025-07-28 11:55:53.571976  PUSH_ACK enviado
2025-07-28 11:55:59,145 - INFO - 2025-07-28 11:55:59.145574  PUSH_DATA recibido del gateway: 8CF319FFFE10DEF9
2025-07-28 11:55:59,145 - INFO - 2025-07-28 11:55:59.145750  Datos: {
  "rxpk": [
    {
      "jver": 1,
      "tmst": 3696714469,
      "chan": 2,
      "rfch": 1,
      "freq": 868.5,
      "mid": 0,
      "stat": 1,
      "modu": "LORA",
      "datr": "SF12BW125",
      "codr": "4/5",
      "rssis": -80,
      "lsnr": 7.0,
      "foff": -2336,
      "rssi": -79,
      "size": 23,
      "data": "AAAAAAAgV/mMXDwTACBX+YymmGbZPIo="
    }
  ]
}
2025-07-28 11:55:59,146 - INFO - 2025-07-28 11:55:59.145993  
--- Nuevo mensaje uplink ---
2025-07-28 11:55:59,146 - INFO - 2025-07-28 11:55:59.146062  Timestamp: 11:55:59
2025-07-28 11:55:59,146 - INFO - 2025-07-28 11:55:59.146130  Frecuencia: 868.5 MHz
2025-07-28 11:55:59,146 - INFO - 2025-07-28 11:55:59.146193  RSSI: -79 dBm
2025-07-28 11:55:59,146 - INFO - 2025-07-28 11:55:59.146239  SNR: 7.0 dB
2025-07-28 11:55:59,146 - INFO - 2025-07-28 11:55:59.146274  Data Rate: SF12BW125
2025-07-28 11:55:59,146 - INFO - 2025-07-28 11:55:59.146307  Payload: 00000000002057F98C5C3C13002057F98CA69866D93C8A
2025-07-28 11:55:59,146 - INFO - 2025-07-28 11:55:59.146341  MHDR: 0x00
2025-07-28 11:55:59,146 - INFO - 2025-07-28 11:55:59.146376  Tipo de mensaje: 0
2025-07-28 11:55:59,146 - INFO - 2025-07-28 11:55:59.146410  📥 Procesando Join Request
2025-07-28 11:55:59,146 - INFO - 2025-07-28 11:55:59.146450  Join Request recibido:
2025-07-28 11:55:59,146 - INFO - 2025-07-28 11:55:59.146486    DEV_EUI: 8CF9572000133C5C
2025-07-28 11:55:59,146 - INFO - 2025-07-28 11:55:59.146598    JOIN_EUI: 8CF9572000000000
2025-07-28 11:55:59,146 - INFO - 2025-07-28 11:55:59.146637    DevNonce: A698
2025-07-28 11:55:59,146 - INFO - 2025-07-28 11:55:59.146682    MIC: 66D93C8A
2025-07-28 11:55:59,146 - INFO - 2025-07-28 11:55:59.146717  ✓ Dispositivo autorizado, generando Join Accept
2025-07-28 11:55:59,146 - INFO - 2025-07-28 11:55:59.146935  create_join_accept Sesión creada para dispositivo: D7FAB9DD
2025-07-28 11:55:59,147 - INFO - 2025-07-28 11:55:59.146993  AppNonce: D5A7E0
2025-07-28 11:55:59,147 - INFO - 2025-07-28 11:55:59.147030  DevAddr: D7FAB9DD
2025-07-28 11:55:59,147 - INFO - 2025-07-28 11:55:59.147065  Sesiones disponibles: ['F9609494', '1F10A7E2', 'D7FAB9DD']
2025-07-28 11:55:59,147 - INFO - 2025-07-28 11:55:59.147103  Join Accept creado: 20D23A3B7D9260DA841300F23FCEF167BD
2025-07-28 11:55:59,147 - INFO - 2025-07-28 11:55:59.147189  Join Accept enviado: 20D23A3B7D9260DA841300F23FCEF167BD
2025-07-28 11:55:59,147 - INFO - 2025-07-28 11:55:59.147276  PUSH_ACK enviado
2025-07-28 11:56:23,569 - INFO - 2025-07-28 11:56:23.569808  PUSH_DATA recibido del gateway: 8CF319FFFE10DEF9
2025-07-28 11:56:23,570 - INFO - 2025-07-28 11:56:23.570155  Datos: {
  "stat": {
    "time": "2025-07-28 09:56:23 GMT",
    "rxnb": 1,
    "rxok": 1,
    "rxfw": 1,
    "ackr": 100.0,
    "dwnb": 1,
    "txnb": 1,
    "temp": -0.0
  }
}
2025-07-28 11:56:23,570 - INFO - 2025-07-28 11:56:23.570670  PUSH_ACK enviado
2025-07-28 11:56:53,575 - INFO - 2025-07-28 11:56:53.575852  PUSH_DATA recibido del gateway: 8CF319FFFE10DEF9
2025-07-28 11:56:53,576 - INFO - 2025-07-28 11:56:53.576103  Datos: {
  "stat": {
    "time": "2025-07-28 09:56:53 GMT",
    "rxnb": 0,
    "rxok": 0,
    "rxfw": 0,
    "ackr": 100.0,
    "dwnb": 0,
    "txnb": 0,
    "temp": -0.0
  }
}
2025-07-28 11:56:53,576 - INFO - 2025-07-28 11:56:53.576385  PUSH_ACK enviado
2025-07-28 11:57:23,575 - INFO - 2025-07-28 11:57:23.575604  PUSH_DATA recibido del gateway: 8CF319FFFE10DEF9
2025-07-28 11:57:23,576 - INFO - 2025-07-28 11:57:23.575902  Datos: {
  "stat": {
    "time": "2025-07-28 09:57:23 GMT",
    "rxnb": 1,
    "rxok": 0,
    "rxfw": 0,
    "ackr": 100.0,
    "dwnb": 0,
    "txnb": 0,
    "temp": -0.0
  }
}
2025-07-28 11:57:23,576 - INFO - 2025-07-28 11:57:23.576295  PUSH_ACK enviado
2025-07-28 11:57:53,586 - INFO - 2025-07-28 11:57:53.586535  PUSH_DATA recibido del gateway: 8CF319FFFE10DEF9
2025-07-28 11:57:53,586 - INFO - 2025-07-28 11:57:53.586774  Datos: {
  "stat": {
    "time": "2025-07-28 09:57:53 GMT",
    "rxnb": 0,
    "rxok": 0,
    "rxfw": 0,
    "ackr": 100.0,
    "dwnb": 0,
    "txnb": 0,
    "temp": -0.0
  }
}
2025-07-28 11:57:53,587 - INFO - 2025-07-28 11:57:53.587086  PUSH_ACK enviado
2025-07-28 11:58:18,667 - INFO - 2025-07-28 11:58:18.667528  PUSH_DATA recibido del gateway: 8CF319FFFE10DEF9
2025-07-28 11:58:18,667 - INFO - 2025-07-28 11:58:18.667779  Datos: {
  "rxpk": [
    {
      "jver": 1,
      "tmst": 3836242823,
      "chan": 0,
      "rfch": 1,
      "freq": 868.1,
      "mid": 0,
      "stat": 1,
      "modu": "LORA",
      "datr": "SF12BW125",
      "codr": "4/5",
      "rssis": -88,
      "lsnr": 9.2,
      "foff": 4895,
      "rssi": -87,
      "size": 23,
      "data": "AAAAAAAgV/mMPZoFACBX+Yy1T93+Ruc="
    }
  ]
}
2025-07-28 11:58:18,668 - INFO - 2025-07-28 11:58:18.668101  
--- Nuevo mensaje uplink ---
2025-07-28 11:58:18,668 - INFO - 2025-07-28 11:58:18.668230  Timestamp: 11:58:18
2025-07-28 11:58:18,668 - INFO - 2025-07-28 11:58:18.668359  Frecuencia: 868.1 MHz
2025-07-28 11:58:18,668 - INFO - 2025-07-28 11:58:18.668479  RSSI: -87 dBm
2025-07-28 11:58:18,668 - INFO - 2025-07-28 11:58:18.668626  SNR: 9.2 dB
2025-07-28 11:58:18,668 - INFO - 2025-07-28 11:58:18.668702  Data Rate: SF12BW125
2025-07-28 11:58:18,668 - INFO - 2025-07-28 11:58:18.668770  Payload: 00000000002057F98C3D9A05002057F98CB54FDDFE46E7
2025-07-28 11:58:18,668 - INFO - 2025-07-28 11:58:18.668840  MHDR: 0x00
2025-07-28 11:58:18,668 - INFO - 2025-07-28 11:58:18.668919  Tipo de mensaje: 0
2025-07-28 11:58:18,669 - INFO - 2025-07-28 11:58:18.669016  📥 Procesando Join Request
2025-07-28 11:58:18,669 - INFO - 2025-07-28 11:58:18.669121  Join Request recibido:
2025-07-28 11:58:18,669 - INFO - 2025-07-28 11:58:18.669197    DEV_EUI: 8CF9572000059A3D
2025-07-28 11:58:18,669 - INFO - 2025-07-28 11:58:18.669305    JOIN_EUI: 8CF9572000000000
2025-07-28 11:58:18,669 - INFO - 2025-07-28 11:58:18.669447    DevNonce: B54F
2025-07-28 11:58:18,669 - INFO - 2025-07-28 11:58:18.669525    MIC: DDFE46E7
2025-07-28 11:58:18,669 - INFO - 2025-07-28 11:58:18.669594  ✗ Dispositivo no autorizado
2025-07-28 11:58:18,669 - INFO - 2025-07-28 11:58:18.669663    Esperado DEV_EUI: 8CF9572000133C5C
2025-07-28 11:58:18,669 - INFO - 2025-07-28 11:58:18.669732    Esperado JOIN_EUI: 8CF9572000000000
2025-07-28 11:58:18,669 - INFO - 2025-07-28 11:58:18.669856  PUSH_ACK enviado
2025-07-28 11:58:23,591 - INFO - 2025-07-28 11:58:23.591295  PUSH_DATA recibido del gateway: 8CF319FFFE10DEF9
2025-07-28 11:58:23,591 - INFO - 2025-07-28 11:58:23.591528  Datos: {
  "stat": {
    "time": "2025-07-28 09:58:23 GMT",
    "rxnb": 2,
    "rxok": 1,
    "rxfw": 1,
    "ackr": 100.0,
    "dwnb": 0,
    "txnb": 0,
    "temp": -0.0
  }
}
2025-07-28 11:58:23,591 - INFO - 2025-07-28 11:58:23.591813  PUSH_ACK enviado
2025-07-28 11:58:26,119 - INFO - 2025-07-28 11:58:26.119785  PUSH_DATA recibido del gateway: 8CF319FFFE10DEF9
2025-07-28 11:58:26,120 - INFO - 2025-07-28 11:58:26.120033  Datos: {
  "rxpk": [
    {
      "jver": 1,
      "tmst": 3843707435,
      "chan": 0,
      "rfch": 1,
      "freq": 868.1,
      "mid": 0,
      "stat": 1,
      "modu": "LORA",
      "datr": "SF11BW125",
      "codr": "4/5",
      "rssis": -87,
      "lsnr": 7.5,
      "foff": 4909,
      "rssi": -86,
      "size": 23,
      "data": "AAAAAAAgV/mMPZoFACBX+YzOM9fWw7s="
    }
  ]
}
2025-07-28 11:58:26,120 - INFO - 2025-07-28 11:58:26.120377  
--- Nuevo mensaje uplink ---
2025-07-28 11:58:26,120 - INFO - 2025-07-28 11:58:26.120480  Timestamp: 11:58:26
2025-07-28 11:58:26,120 - INFO - 2025-07-28 11:58:26.120632  Frecuencia: 868.1 MHz
2025-07-28 11:58:26,120 - INFO - 2025-07-28 11:58:26.120741  RSSI: -86 dBm
2025-07-28 11:58:26,120 - INFO - 2025-07-28 11:58:26.120855  SNR: 7.5 dB
2025-07-28 11:58:26,120 - INFO - 2025-07-28 11:58:26.120961  Data Rate: SF11BW125
2025-07-28 11:58:26,121 - INFO - 2025-07-28 11:58:26.121054  Payload: 00000000002057F98C3D9A05002057F98CCE33D7D6C3BB
2025-07-28 11:58:26,121 - INFO - 2025-07-28 11:58:26.121163  MHDR: 0x00
2025-07-28 11:58:26,121 - INFO - 2025-07-28 11:58:26.121263  Tipo de mensaje: 0
2025-07-28 11:58:26,121 - INFO - 2025-07-28 11:58:26.121357  📥 Procesando Join Request
2025-07-28 11:58:26,121 - INFO - 2025-07-28 11:58:26.121473  Join Request recibido:
2025-07-28 11:58:26,121 - INFO - 2025-07-28 11:58:26.121569    DEV_EUI: 8CF9572000059A3D
2025-07-28 11:58:26,121 - INFO - 2025-07-28 11:58:26.121663    JOIN_EUI: 8CF9572000000000
2025-07-28 11:58:26,121 - INFO - 2025-07-28 11:58:26.121759    DevNonce: CE33
2025-07-28 11:58:26,121 - INFO - 2025-07-28 11:58:26.121875    MIC: D7D6C3BB
2025-07-28 11:58:26,121 - INFO - 2025-07-28 11:58:26.121942  ✗ Dispositivo no autorizado
2025-07-28 11:58:26,121 - INFO - 2025-07-28 11:58:26.121978    Esperado DEV_EUI: 8CF9572000133C5C
2025-07-28 11:58:26,122 - INFO - 2025-07-28 11:58:26.122013    Esperado JOIN_EUI: 8CF9572000000000
2025-07-28 11:58:26,122 - INFO - 2025-07-28 11:58:26.122071  PUSH_ACK enviado
2025-07-28 11:58:53,585 - INFO - 2025-07-28 11:58:53.585096  PUSH_DATA recibido del gateway: 8CF319FFFE10DEF9
2025-07-28 11:58:53,585 - INFO - 2025-07-28 11:58:53.585338  Datos: {
  "stat": {
    "time": "2025-07-28 09:58:53 GMT",
    "rxnb": 1,
    "rxok": 1,
    "rxfw": 1,
    "ackr": 100.0,
    "dwnb": 0,
    "txnb": 0,
    "temp": -0.0
  }
}
2025-07-28 11:58:53,585 - INFO - 2025-07-28 11:58:53.585595  PUSH_ACK enviado
2025-07-28 11:59:14,960 - INFO - 2025-07-28 11:59:14.960514  PUSH_DATA recibido del gateway: 8CF319FFFE10DEF9
2025-07-28 11:59:14,960 - INFO - 2025-07-28 11:59:14.960707  Datos: {
  "rxpk": [
    {
      "jver": 1,
      "tmst": 3892533743,
      "chan": 2,
      "rfch": 1,
      "freq": 868.5,
      "mid": 0,
      "stat": 1,
      "modu": "LORA",
      "datr": "SF12BW125",
      "codr": "4/5",
      "rssis": -84,
      "lsnr": 7.8,
      "foff": 4906,
      "rssi": -83,
      "size": 23,
      "data": "AAAAAAAgV/mMPZoFACBX+YwNPTS7eHA="
    }
  ]
}
2025-07-28 11:59:14,960 - INFO - 2025-07-28 11:59:14.960863  
--- Nuevo mensaje uplink ---
2025-07-28 11:59:14,960 - INFO - 2025-07-28 11:59:14.960910  Timestamp: 11:59:14
2025-07-28 11:59:14,960 - INFO - 2025-07-28 11:59:14.960961  Frecuencia: 868.5 MHz
2025-07-28 11:59:14,961 - INFO - 2025-07-28 11:59:14.960996  RSSI: -83 dBm
2025-07-28 11:59:14,961 - INFO - 2025-07-28 11:59:14.961037  SNR: 7.8 dB
2025-07-28 11:59:14,961 - INFO - 2025-07-28 11:59:14.961066  Data Rate: SF12BW125
2025-07-28 11:59:14,961 - INFO - 2025-07-28 11:59:14.961094  Payload: 00000000002057F98C3D9A05002057F98C0D3D34BB7870
2025-07-28 11:59:14,961 - INFO - 2025-07-28 11:59:14.961125  MHDR: 0x00
2025-07-28 11:59:14,961 - INFO - 2025-07-28 11:59:14.961156  Tipo de mensaje: 0
2025-07-28 11:59:14,961 - INFO - 2025-07-28 11:59:14.961183  📥 Procesando Join Request
2025-07-28 11:59:14,961 - INFO - 2025-07-28 11:59:14.961241  Join Request recibido:
2025-07-28 11:59:14,961 - INFO - 2025-07-28 11:59:14.961277    DEV_EUI: 8CF9572000059A3D
2025-07-28 11:59:14,961 - INFO - 2025-07-28 11:59:14.961308    JOIN_EUI: 8CF9572000000000
2025-07-28 11:59:14,961 - INFO - 2025-07-28 11:59:14.961339    DevNonce: 0D3D
2025-07-28 11:59:14,961 - INFO - 2025-07-28 11:59:14.961373    MIC: 34BB7870
2025-07-28 11:59:14,961 - INFO - 2025-07-28 11:59:14.961404  ✗ Dispositivo no autorizado
2025-07-28 11:59:14,961 - INFO - 2025-07-28 11:59:14.961439    Esperado DEV_EUI: 8CF9572000133C5C
2025-07-28 11:59:14,961 - INFO - 2025-07-28 11:59:14.961471    Esperado JOIN_EUI: 8CF9572000000000
2025-07-28 11:59:14,961 - INFO - 2025-07-28 11:59:14.961533  PUSH_ACK enviado
2025-07-28 11:59:23,599 - INFO - 2025-07-28 11:59:23.599179  PUSH_DATA recibido del gateway: 8CF319FFFE10DEF9
2025-07-28 11:59:23,599 - INFO - 2025-07-28 11:59:23.599465  Datos: {
  "stat": {
    "time": "2025-07-28 09:59:23 GMT",
    "rxnb": 1,
    "rxok": 1,
    "rxfw": 1,
    "ackr": 100.0,
    "dwnb": 0,
    "txnb": 0,
    "temp": -0.0
  }
}
2025-07-28 11:59:23,599 - INFO - 2025-07-28 11:59:23.599891  PUSH_ACK enviado
2025-07-28 11:59:53,593 - INFO - 2025-07-28 11:59:53.593568  PUSH_DATA recibido del gateway: 8CF319FFFE10DEF9
2025-07-28 11:59:53,593 - INFO - 2025-07-28 11:59:53.593843  Datos: {
  "stat": {
    "time": "2025-07-28 09:59:53 GMT",
    "rxnb": 0,
    "rxok": 0,
    "rxfw": 0,
    "ackr": 100.0,
    "dwnb": 0,
    "txnb": 0,
    "temp": -0.0
  }
}
2025-07-28 11:59:53,594 - INFO - 2025-07-28 11:59:53.594253  PUSH_ACK enviado
2025-07-28 12:00:23,600 - INFO - 2025-07-28 12:00:23.600941  PUSH_DATA recibido del gateway: 8CF319FFFE10DEF9
2025-07-28 12:00:23,601 - INFO - 2025-07-28 12:00:23.601182  Datos: {
  "stat": {
    "time": "2025-07-28 10:00:23 GMT",
    "rxnb": 0,
    "rxok": 0,
    "rxfw": 0,
    "ackr": 100.0,
    "dwnb": 0,
    "txnb": 0,
    "temp": -0.0
  }
}
2025-07-28 12:00:23,601 - INFO - 2025-07-28 12:00:23.601439  PUSH_ACK enviado
2025-07-28 12:00:53,596 - INFO - 2025-07-28 12:00:53.596722  PUSH_DATA recibido del gateway: 8CF319FFFE10DEF9
2025-07-28 12:00:53,597 - INFO - 2025-07-28 12:00:53.596990  Datos: {
  "stat": {
    "time": "2025-07-28 10:00:53 GMT",
    "rxnb": 0,
    "rxok": 0,
    "rxfw": 0,
    "ackr": 100.0,
    "dwnb": 0,
    "txnb": 0,
    "temp": -0.0
  }
}
2025-07-28 12:00:53,597 - INFO - 2025-07-28 12:00:53.597273  PUSH_ACK enviado
2025-07-28 12:01:23,603 - INFO - 2025-07-28 12:01:23.603311  PUSH_DATA recibido del gateway: 8CF319FFFE10DEF9
2025-07-28 12:01:23,603 - INFO - 2025-07-28 12:01:23.603704  Datos: {
  "stat": {
    "time": "2025-07-28 10:01:23 GMT",
    "rxnb": 0,
    "rxok": 0,
    "rxfw": 0,
    "ackr": 100.0,
    "dwnb": 0,
    "txnb": 0,
    "temp": -0.0
  }
}
2025-07-28 12:01:23,604 - INFO - 2025-07-28 12:01:23.604034  PUSH_ACK enviado
2025-07-28 12:01:53,600 - INFO - 2025-07-28 12:01:53.600542  PUSH_DATA recibido del gateway: 8CF319FFFE10DEF9
2025-07-28 12:01:53,600 - INFO - 2025-07-28 12:01:53.600783  Datos: {
  "stat": {
    "time": "2025-07-28 10:01:53 GMT",
    "rxnb": 0,
    "rxok": 0,
    "rxfw": 0,
    "ackr": 100.0,
    "dwnb": 0,
    "txnb": 0,
    "temp": -0.0
  }
}
2025-07-28 12:01:53,601 - INFO - 2025-07-28 12:01:53.601052  PUSH_ACK enviado
2025-07-28 12:02:23,603 - INFO - 2025-07-28 12:02:23.603846  PUSH_DATA recibido del gateway: 8CF319FFFE10DEF9
2025-07-28 12:02:23,604 - INFO - 2025-07-28 12:02:23.604085  Datos: {
  "stat": {
    "time": "2025-07-28 10:02:23 GMT",
    "rxnb": 0,
    "rxok": 0,
    "rxfw": 0,
    "ackr": 100.0,
    "dwnb": 0,
    "txnb": 0,
    "temp": -0.0
  }
}
2025-07-28 12:02:23,604 - INFO - 2025-07-28 12:02:23.604345  PUSH_ACK enviado
2025-07-28 12:02:53,605 - INFO - 2025-07-28 12:02:53.604981  PUSH_DATA recibido del gateway: 8CF319FFFE10DEF9
2025-07-28 12:02:53,605 - INFO - 2025-07-28 12:02:53.605150  Datos: {
  "stat": {
    "time": "2025-07-28 10:02:53 GMT",
    "rxnb": 0,
    "rxok": 0,
    "rxfw": 0,
    "ackr": 100.0,
    "dwnb": 0,
    "txnb": 0,
    "temp": -0.0
  }
}
2025-07-28 12:02:53,605 - INFO - 2025-07-28 12:02:53.605316  PUSH_ACK enviado
2025-07-28 12:03:23,613 - INFO - 2025-07-28 12:03:23.613105  PUSH_DATA recibido del gateway: 8CF319FFFE10DEF9
2025-07-28 12:03:23,613 - INFO - 2025-07-28 12:03:23.613370  Datos: {
  "stat": {
    "time": "2025-07-28 10:03:23 GMT",
    "rxnb": 0,
    "rxok": 0,
    "rxfw": 0,
    "ackr": 100.0,
    "dwnb": 0,
    "txnb": 0,
    "temp": -0.0
  }
}
2025-07-28 12:03:23,620 - INFO - 2025-07-28 12:03:23.620685  PUSH_ACK enviado
2025-07-28 12:03:53,608 - INFO - 2025-07-28 12:03:53.608444  PUSH_DATA recibido del gateway: 8CF319FFFE10DEF9
2025-07-28 12:03:53,608 - INFO - 2025-07-28 12:03:53.608646  Datos: {
  "stat": {
    "time": "2025-07-28 10:03:53 GMT",
    "rxnb": 0,
    "rxok": 0,
    "rxfw": 0,
    "ackr": 100.0,
    "dwnb": 0,
    "txnb": 0,
    "temp": -0.0
  }
}
2025-07-28 12:03:53,608 - INFO - 2025-07-28 12:03:53.608854  PUSH_ACK enviado
2025-07-28 12:04:23,618 - INFO - 2025-07-28 12:04:23.618447  PUSH_DATA recibido del gateway: 8CF319FFFE10DEF9
2025-07-28 12:04:23,618 - INFO - 2025-07-28 12:04:23.618813  Datos: {
  "stat": {
    "time": "2025-07-28 10:04:23 GMT",
    "rxnb": 0,
    "rxok": 0,
    "rxfw": 0,
    "ackr": 100.0,
    "dwnb": 0,
    "txnb": 0,
    "temp": -0.0
  }
}
2025-07-28 12:04:23,619 - INFO - 2025-07-28 12:04:23.619170  PUSH_ACK enviado
2025-07-28 12:04:53,618 - INFO - 2025-07-28 12:04:53.618575  PUSH_DATA recibido del gateway: 8CF319FFFE10DEF9
2025-07-28 12:04:53,618 - INFO - 2025-07-28 12:04:53.618733  Datos: {
  "stat": {
    "time": "2025-07-28 10:04:53 GMT",
    "rxnb": 0,
    "rxok": 0,
    "rxfw": 0,
    "ackr": 100.0,
    "dwnb": 0,
    "txnb": 0,
    "temp": -0.0
  }
}
2025-07-28 12:04:53,618 - INFO - 2025-07-28 12:04:53.618977  PUSH_ACK enviado
2025-07-28 12:05:23,614 - INFO - 2025-07-28 12:05:23.614520  PUSH_DATA recibido del gateway: 8CF319FFFE10DEF9
2025-07-28 12:05:23,614 - INFO - 2025-07-28 12:05:23.614771  Datos: {
  "stat": {
    "time": "2025-07-28 10:05:23 GMT",
    "rxnb": 0,
    "rxok": 0,
    "rxfw": 0,
    "ackr": 100.0,
    "dwnb": 0,
    "txnb": 0,
    "temp": -0.0
  }
}
2025-07-28 12:05:23,615 - INFO - 2025-07-28 12:05:23.615018  PUSH_ACK enviado
2025-07-28 12:05:53,624 - INFO - 2025-07-28 12:05:53.624538  PUSH_DATA recibido del gateway: 8CF319FFFE10DEF9
2025-07-28 12:05:53,624 - INFO - 2025-07-28 12:05:53.624691  Datos: {
  "stat": {
    "time": "2025-07-28 10:05:53 GMT",
    "rxnb": 0,
    "rxok": 0,
    "rxfw": 0,
    "ackr": 100.0,
    "dwnb": 0,
    "txnb": 0,
    "temp": -0.0
  }
}
2025-07-28 12:05:53,624 - INFO - 2025-07-28 12:05:53.624841  PUSH_ACK enviado
2025-07-28 12:06:23,623 - INFO - 2025-07-28 12:06:23.622960  PUSH_DATA recibido del gateway: 8CF319FFFE10DEF9
2025-07-28 12:06:23,623 - INFO - 2025-07-28 12:06:23.623238  Datos: {
  "stat": {
    "time": "2025-07-28 10:06:23 GMT",
    "rxnb": 0,
    "rxok": 0,
    "rxfw": 0,
    "ackr": 100.0,
    "dwnb": 0,
    "txnb": 0,
    "temp": -0.0
  }
}
2025-07-28 12:06:23,623 - INFO - 2025-07-28 12:06:23.623545  PUSH_ACK enviado
2025-07-28 12:06:53,631 - INFO - 2025-07-28 12:06:53.631306  PUSH_DATA recibido del gateway: 8CF319FFFE10DEF9
2025-07-28 12:06:53,631 - INFO - 2025-07-28 12:06:53.631570  Datos: {
  "stat": {
    "time": "2025-07-28 10:06:53 GMT",
    "rxnb": 0,
    "rxok": 0,
    "rxfw": 0,
    "ackr": 100.0,
    "dwnb": 0,
    "txnb": 0,
    "temp": -0.0
  }
}
2025-07-28 12:06:53,631 - INFO - 2025-07-28 12:06:53.631778  PUSH_ACK enviado
2025-07-28 12:07:23,629 - INFO - 2025-07-28 12:07:23.629674  PUSH_DATA recibido del gateway: 8CF319FFFE10DEF9
2025-07-28 12:07:23,629 - INFO - 2025-07-28 12:07:23.629861  Datos: {
  "stat": {
    "time": "2025-07-28 10:07:23 GMT",
    "rxnb": 0,
    "rxok": 0,
    "rxfw": 0,
    "ackr": 100.0,
    "dwnb": 0,
    "txnb": 0,
    "temp": -0.0
  }
}
2025-07-28 12:07:23,630 - INFO - 2025-07-28 12:07:23.630032  PUSH_ACK enviado
2025-07-28 12:07:53,638 - INFO - 2025-07-28 12:07:53.638162  PUSH_DATA recibido del gateway: 8CF319FFFE10DEF9
2025-07-28 12:07:53,638 - INFO - 2025-07-28 12:07:53.638400  Datos: {
  "stat": {
    "time": "2025-07-28 10:07:53 GMT",
    "rxnb": 0,
    "rxok": 0,
    "rxfw": 0,
    "ackr": 100.0,
    "dwnb": 0,
    "txnb": 0,
    "temp": -0.0
  }
}
2025-07-28 12:07:53,638 - INFO - 2025-07-28 12:07:53.638691  PUSH_ACK enviado
2025-07-28 12:08:23,630 - INFO - 2025-07-28 12:08:23.630542  PUSH_DATA recibido del gateway: 8CF319FFFE10DEF9
2025-07-28 12:08:23,630 - INFO - 2025-07-28 12:08:23.630708  Datos: {
  "stat": {
    "time": "2025-07-28 10:08:23 GMT",
    "rxnb": 0,
    "rxok": 0,
    "rxfw": 0,
    "ackr": 100.0,
    "dwnb": 0,
    "txnb": 0,
    "temp": -0.0
  }
}
2025-07-28 12:08:23,630 - INFO - 2025-07-28 12:08:23.630920  PUSH_ACK enviado
2025-07-28 12:08:53,632 - INFO - 2025-07-28 12:08:53.632775  PUSH_DATA recibido del gateway: 8CF319FFFE10DEF9
2025-07-28 12:08:53,633 - INFO - 2025-07-28 12:08:53.633005  Datos: {
  "stat": {
    "time": "2025-07-28 10:08:53 GMT",
    "rxnb": 0,
    "rxok": 0,
    "rxfw": 0,
    "ackr": 100.0,
    "dwnb": 0,
    "txnb": 0,
    "temp": -0.0
  }
}
2025-07-28 12:08:53,633 - INFO - 2025-07-28 12:08:53.633277  PUSH_ACK enviado
2025-07-28 12:09:23,633 - INFO - 2025-07-28 12:09:23.633695  PUSH_DATA recibido del gateway: 8CF319FFFE10DEF9
2025-07-28 12:09:23,633 - INFO - 2025-07-28 12:09:23.633859  Datos: {
  "stat": {
    "time": "2025-07-28 10:09:23 GMT",
    "rxnb": 0,
    "rxok": 0,
    "rxfw": 0,
    "ackr": 100.0,
    "dwnb": 0,
    "txnb": 0,
    "temp": -0.0
  }
}
2025-07-28 12:09:23,634 - INFO - 2025-07-28 12:09:23.634036  PUSH_ACK enviado
2025-07-28 12:09:53,645 - INFO - 2025-07-28 12:09:53.645297  PUSH_DATA recibido del gateway: 8CF319FFFE10DEF9
2025-07-28 12:09:53,645 - INFO - 2025-07-28 12:09:53.645558  Datos: {
  "stat": {
    "time": "2025-07-28 10:09:53 GMT",
    "rxnb": 0,
    "rxok": 0,
    "rxfw": 0,
    "ackr": 100.0,
    "dwnb": 0,
    "txnb": 0,
    "temp": -0.0
  }
}
2025-07-28 12:09:53,652 - INFO - 2025-07-28 12:09:53.652718  PUSH_ACK enviado
2025-07-28 12:10:13,442 - INFO - 2025-07-28 12:10:13.442200  
Deteniendo servidor...
